This is pdfTeX, Version 3.14159265-2.6-1.40.21 (MiKTeX 2.9.7380 64-bit) (preloaded format=pdflatex 2020.4.14)  11 JUL 2020 15:21
entering extended mode
**./Pegasus_project_Checola_Zamboni.tex
(Pegasus_project_Checola_Zamboni.tex
LaTeX2e <2020-02-02> patch level 5
L3 programming layer <2020-04-06>
("C:\Program Files\MiKTeX 2.9\tex/latex/beamer\beamer.cls"
Document Class: beamer 2019/09/29 v3.57 A class for typesetting presentations
("C:\Program Files\MiKTeX 2.9\tex/latex/beamer\beamerbasemodes.sty"
("C:\Program Files\MiKTeX 2.9\tex/latex/etoolbox\etoolbox.sty"
Package: etoolbox 2019/09/21 v2.5h e-TeX tools for LaTeX (JAW)
\etb@tempcnta=\count167
)
\beamer@tempbox=\box45
\beamer@tempcount=\count168
\c@beamerpauses=\count169

("C:\Program Files\MiKTeX 2.9\tex/latex/beamer\beamerbasedecode.sty"
\beamer@slideinframe=\count170
\beamer@minimum=\count171
\beamer@decode@box=\box46
)
\beamer@commentbox=\box47
\beamer@modecount=\count172
)
("C:\Program Files\MiKTeX 2.9\tex/generic/iftex\ifpdf.sty"
Package: ifpdf 2019/10/25 v3.4 ifpdf legacy package. Use iftex instead.

("C:\Program Files\MiKTeX 2.9\tex/generic/iftex\iftex.sty"
Package: iftex 2020/03/06 v1.0d TeX engine tests
))
\headdp=\dimen134
\footheight=\dimen135
\sidebarheight=\dimen136
\beamer@tempdim=\dimen137
\beamer@finalheight=\dimen138
\beamer@animht=\dimen139
\beamer@animdp=\dimen140
\beamer@animwd=\dimen141
\beamer@leftmargin=\dimen142
\beamer@rightmargin=\dimen143
\beamer@leftsidebar=\dimen144
\beamer@rightsidebar=\dimen145
\beamer@boxsize=\dimen146
\beamer@vboxoffset=\dimen147
\beamer@descdefault=\dimen148
\beamer@descriptionwidth=\dimen149
\beamer@lastskip=\skip47
\beamer@areabox=\box48
\beamer@animcurrent=\box49
\beamer@animshowbox=\box50
\beamer@sectionbox=\box51
\beamer@logobox=\box52
\beamer@linebox=\box53
\beamer@sectioncount=\count173
\beamer@subsubsectionmax=\count174
\beamer@subsectionmax=\count175
\beamer@sectionmax=\count176
\beamer@totalheads=\count177
\beamer@headcounter=\count178
\beamer@partstartpage=\count179
\beamer@sectionstartpage=\count180
\beamer@subsectionstartpage=\count181
\beamer@animationtempa=\count182
\beamer@animationtempb=\count183
\beamer@xpos=\count184
\beamer@ypos=\count185
\beamer@ypos@offset=\count186
\beamer@showpartnumber=\count187
\beamer@currentsubsection=\count188
\beamer@coveringdepth=\count189
\beamer@sectionadjust=\count190
\beamer@tocsectionnumber=\count191

("C:\Program Files\MiKTeX 2.9\tex/latex/beamer\beamerbaseoptions.sty"
("C:\Program Files\MiKTeX 2.9\tex/latex/graphics\keyval.sty"
Package: keyval 2014/10/28 v1.15 key=value parser (DPC)
\KV@toks@=\toks15
))
\beamer@paperwidth=\skip48
\beamer@paperheight=\skip49

("C:\Program Files\MiKTeX 2.9\tex/latex/geometry\geometry.sty"
Package: geometry 2020/01/02 v5.9 Page Geometry

("C:\Program Files\MiKTeX 2.9\tex/generic/iftex\ifvtex.sty"
Package: ifvtex 2019/10/25 v1.7 ifvtex legacy package. Use iftex instead.
)
\Gm@cnth=\count192
\Gm@cntv=\count193
\c@Gm@tempcnt=\count194
\Gm@bindingoffset=\dimen150
\Gm@wd@mp=\dimen151
\Gm@odd@mp=\dimen152
\Gm@even@mp=\dimen153
\Gm@layoutwidth=\dimen154
\Gm@layoutheight=\dimen155
\Gm@layouthoffset=\dimen156
\Gm@layoutvoffset=\dimen157
\Gm@dimlist=\toks16

("C:\Program Files\MiKTeX 2.9\tex/latex/geometry\geometry.cfg"))
("C:\Program Files\MiKTeX 2.9\tex/latex/base\size11.clo"
File: size11.clo 2019/12/20 v1.4l Standard LaTeX file (size option)
)
("C:\Program Files\MiKTeX 2.9\tex/latex/pgf/basiclayer\pgfcore.sty"
("C:\Program Files\MiKTeX 2.9\tex/latex/graphics\graphicx.sty"
Package: graphicx 2019/11/30 v1.2a Enhanced LaTeX Graphics (DPC,SPQR)

("C:\Program Files\MiKTeX 2.9\tex/latex/graphics\graphics.sty"
Package: graphics 2019/11/30 v1.4a Standard LaTeX Graphics (DPC,SPQR)

("C:\Program Files\MiKTeX 2.9\tex/latex/graphics\trig.sty"
Package: trig 2016/01/03 v1.10 sin cos tan (DPC)
)
("C:\Program Files\MiKTeX 2.9\tex/latex/graphics-cfg\graphics.cfg"
File: graphics.cfg 2016/06/04 v1.11 sample graphics configuration
)
Package graphics Info: Driver file: pdftex.def on input line 105.

("C:\Program Files\MiKTeX 2.9\tex/latex/graphics-def\pdftex.def"
File: pdftex.def 2018/01/08 v1.0l Graphics/color driver for pdftex
))
\Gin@req@height=\dimen158
\Gin@req@width=\dimen159
)
("C:\Program Files\MiKTeX 2.9\tex/latex/pgf/systemlayer\pgfsys.sty"
("C:\Program Files\MiKTeX 2.9\tex/latex/pgf/utilities\pgfrcs.sty"
("C:\Program Files\MiKTeX 2.9\tex/generic/pgf/utilities\pgfutil-common.tex"
\pgfutil@everybye=\toks17
\pgfutil@tempdima=\dimen160
\pgfutil@tempdimb=\dimen161

("C:\Program Files\MiKTeX 2.9\tex/generic/pgf/utilities\pgfutil-common-lists.te
x")) ("C:\Program Files\MiKTeX 2.9\tex/generic/pgf/utilities\pgfutil-latex.def"
\pgfutil@abb=\box54
("C:\Program Files\MiKTeX 2.9\tex/latex/ms\everyshi.sty"
Package: everyshi 2001/05/15 v3.00 EveryShipout Package (MS)
))
("C:\Program Files\MiKTeX 2.9\tex/generic/pgf/utilities\pgfrcs.code.tex"
("C:\Program Files\MiKTeX 2.9\tex/generic/pgf\pgf.revision.tex")
Package: pgfrcs 2020/01/08 v3.1.5b (3.1.5b)
))
("C:\Program Files\MiKTeX 2.9\tex/generic/pgf/systemlayer\pgfsys.code.tex"
Package: pgfsys 2020/01/08 v3.1.5b (3.1.5b)

("C:\Program Files\MiKTeX 2.9\tex/generic/pgf/utilities\pgfkeys.code.tex"
\pgfkeys@pathtoks=\toks18
\pgfkeys@temptoks=\toks19

("C:\Program Files\MiKTeX 2.9\tex/generic/pgf/utilities\pgfkeysfiltered.code.te
x"
\pgfkeys@tmptoks=\toks20
))
\pgf@x=\dimen162
\pgf@y=\dimen163
\pgf@xa=\dimen164
\pgf@ya=\dimen165
\pgf@xb=\dimen166
\pgf@yb=\dimen167
\pgf@xc=\dimen168
\pgf@yc=\dimen169
\pgf@xd=\dimen170
\pgf@yd=\dimen171
\w@pgf@writea=\write3
\r@pgf@reada=\read2
\c@pgf@counta=\count195
\c@pgf@countb=\count196
\c@pgf@countc=\count197
\c@pgf@countd=\count198
\t@pgf@toka=\toks21
\t@pgf@tokb=\toks22
\t@pgf@tokc=\toks23
\pgf@sys@id@count=\count199
 ("C:\Program Files\MiKTeX 2.9\tex/generic/pgf/systemlayer\pgf.cfg"
File: pgf.cfg 2020/01/08 v3.1.5b (3.1.5b)
)
Driver file for pgf: pgfsys-pdftex.def

("C:\Program Files\MiKTeX 2.9\tex/generic/pgf/systemlayer\pgfsys-pdftex.def"
File: pgfsys-pdftex.def 2020/01/08 v3.1.5b (3.1.5b)

("C:\Program Files\MiKTeX 2.9\tex/generic/pgf/systemlayer\pgfsys-common-pdf.def
"
File: pgfsys-common-pdf.def 2020/01/08 v3.1.5b (3.1.5b)
)))
("C:\Program Files\MiKTeX 2.9\tex/generic/pgf/systemlayer\pgfsyssoftpath.code.t
ex"
File: pgfsyssoftpath.code.tex 2020/01/08 v3.1.5b (3.1.5b)
\pgfsyssoftpath@smallbuffer@items=\count266
\pgfsyssoftpath@bigbuffer@items=\count267
)
("C:\Program Files\MiKTeX 2.9\tex/generic/pgf/systemlayer\pgfsysprotocol.code.t
ex"
File: pgfsysprotocol.code.tex 2020/01/08 v3.1.5b (3.1.5b)
)) ("C:\Program Files\MiKTeX 2.9\tex/latex/xcolor\xcolor.sty"
Package: xcolor 2016/05/11 v2.12 LaTeX color extensions (UK)

("C:\Program Files\MiKTeX 2.9\tex/latex/graphics-cfg\color.cfg"
File: color.cfg 2016/01/02 v1.6 sample color configuration
)
Package xcolor Info: Driver file: pdftex.def on input line 225.
Package xcolor Info: Model `cmy' substituted by `cmy0' on input line 1348.
Package xcolor Info: Model `hsb' substituted by `rgb' on input line 1352.
Package xcolor Info: Model `RGB' extended on input line 1364.
Package xcolor Info: Model `HTML' substituted by `rgb' on input line 1366.
Package xcolor Info: Model `Hsb' substituted by `hsb' on input line 1367.
Package xcolor Info: Model `tHsb' substituted by `hsb' on input line 1368.
Package xcolor Info: Model `HSB' substituted by `hsb' on input line 1369.
Package xcolor Info: Model `Gray' substituted by `gray' on input line 1370.
Package xcolor Info: Model `wave' substituted by `hsb' on input line 1371.
)
("C:\Program Files\MiKTeX 2.9\tex/generic/pgf/basiclayer\pgfcore.code.tex"
Package: pgfcore 2020/01/08 v3.1.5b (3.1.5b)

("C:\Program Files\MiKTeX 2.9\tex/generic/pgf/math\pgfmath.code.tex"
("C:\Program Files\MiKTeX 2.9\tex/generic/pgf/math\pgfmathcalc.code.tex"
("C:\Program Files\MiKTeX 2.9\tex/generic/pgf/math\pgfmathutil.code.tex")
("C:\Program Files\MiKTeX 2.9\tex/generic/pgf/math\pgfmathparser.code.tex"
\pgfmath@dimen=\dimen172
\pgfmath@count=\count268
\pgfmath@box=\box55
\pgfmath@toks=\toks24
\pgfmath@stack@operand=\toks25
\pgfmath@stack@operation=\toks26
)
("C:\Program Files\MiKTeX 2.9\tex/generic/pgf/math\pgfmathfunctions.code.tex"
("C:\Program Files\MiKTeX 2.9\tex/generic/pgf/math\pgfmathfunctions.basic.code.
tex")
("C:\Program Files\MiKTeX 2.9\tex/generic/pgf/math\pgfmathfunctions.trigonometr
ic.code.tex")
("C:\Program Files\MiKTeX 2.9\tex/generic/pgf/math\pgfmathfunctions.random.code
.tex")
("C:\Program Files\MiKTeX 2.9\tex/generic/pgf/math\pgfmathfunctions.comparison.
code.tex")
("C:\Program Files\MiKTeX 2.9\tex/generic/pgf/math\pgfmathfunctions.base.code.t
ex")
("C:\Program Files\MiKTeX 2.9\tex/generic/pgf/math\pgfmathfunctions.round.code.
tex")
("C:\Program Files\MiKTeX 2.9\tex/generic/pgf/math\pgfmathfunctions.misc.code.t
ex")
("C:\Program Files\MiKTeX 2.9\tex/generic/pgf/math\pgfmathfunctions.integerarit
hmetics.code.tex")))
("C:\Program Files\MiKTeX 2.9\tex/generic/pgf/math\pgfmathfloat.code.tex"
\c@pgfmathroundto@lastzeros=\count269
))
("C:\Program Files\MiKTeX 2.9\tex/generic/pgf/math\pgfint.code.tex")
("C:\Program Files\MiKTeX 2.9\tex/generic/pgf/basiclayer\pgfcorepoints.code.tex
"
File: pgfcorepoints.code.tex 2020/01/08 v3.1.5b (3.1.5b)
\pgf@picminx=\dimen173
\pgf@picmaxx=\dimen174
\pgf@picminy=\dimen175
\pgf@picmaxy=\dimen176
\pgf@pathminx=\dimen177
\pgf@pathmaxx=\dimen178
\pgf@pathminy=\dimen179
\pgf@pathmaxy=\dimen180
\pgf@xx=\dimen181
\pgf@xy=\dimen182
\pgf@yx=\dimen183
\pgf@yy=\dimen184
\pgf@zx=\dimen185
\pgf@zy=\dimen186
)
("C:\Program Files\MiKTeX 2.9\tex/generic/pgf/basiclayer\pgfcorepathconstruct.c
ode.tex"
File: pgfcorepathconstruct.code.tex 2020/01/08 v3.1.5b (3.1.5b)
\pgf@path@lastx=\dimen187
\pgf@path@lasty=\dimen188
)
("C:\Program Files\MiKTeX 2.9\tex/generic/pgf/basiclayer\pgfcorepathusage.code.
tex"
File: pgfcorepathusage.code.tex 2020/01/08 v3.1.5b (3.1.5b)
\pgf@shorten@end@additional=\dimen189
\pgf@shorten@start@additional=\dimen190
)
("C:\Program Files\MiKTeX 2.9\tex/generic/pgf/basiclayer\pgfcorescopes.code.tex
"
File: pgfcorescopes.code.tex 2020/01/08 v3.1.5b (3.1.5b)
\pgfpic=\box56
\pgf@hbox=\box57
\pgf@layerbox@main=\box58
\pgf@picture@serial@count=\count270
)
("C:\Program Files\MiKTeX 2.9\tex/generic/pgf/basiclayer\pgfcoregraphicstate.co
de.tex"
File: pgfcoregraphicstate.code.tex 2020/01/08 v3.1.5b (3.1.5b)
\pgflinewidth=\dimen191
)
("C:\Program Files\MiKTeX 2.9\tex/generic/pgf/basiclayer\pgfcoretransformations
.code.tex"
File: pgfcoretransformations.code.tex 2020/01/08 v3.1.5b (3.1.5b)
\pgf@pt@x=\dimen192
\pgf@pt@y=\dimen193
\pgf@pt@temp=\dimen194
)
("C:\Program Files\MiKTeX 2.9\tex/generic/pgf/basiclayer\pgfcorequick.code.tex"
File: pgfcorequick.code.tex 2020/01/08 v3.1.5b (3.1.5b)
)
("C:\Program Files\MiKTeX 2.9\tex/generic/pgf/basiclayer\pgfcoreobjects.code.te
x"
File: pgfcoreobjects.code.tex 2020/01/08 v3.1.5b (3.1.5b)
)
("C:\Program Files\MiKTeX 2.9\tex/generic/pgf/basiclayer\pgfcorepathprocessing.
code.tex"
File: pgfcorepathprocessing.code.tex 2020/01/08 v3.1.5b (3.1.5b)
)
("C:\Program Files\MiKTeX 2.9\tex/generic/pgf/basiclayer\pgfcorearrows.code.tex
"
File: pgfcorearrows.code.tex 2020/01/08 v3.1.5b (3.1.5b)
\pgfarrowsep=\dimen195
)
("C:\Program Files\MiKTeX 2.9\tex/generic/pgf/basiclayer\pgfcoreshade.code.tex"
File: pgfcoreshade.code.tex 2020/01/08 v3.1.5b (3.1.5b)
\pgf@max=\dimen196
\pgf@sys@shading@range@num=\count271
\pgf@shadingcount=\count272
) ("C:\Program Files\MiKTeX 2.9\tex/generic/pgf/basiclayer\pgfcoreimage.code.te
x"
File: pgfcoreimage.code.tex 2020/01/08 v3.1.5b (3.1.5b)

("C:\Program Files\MiKTeX 2.9\tex/generic/pgf/basiclayer\pgfcoreexternal.code.t
ex"
File: pgfcoreexternal.code.tex 2020/01/08 v3.1.5b (3.1.5b)
\pgfexternal@startupbox=\box59
))
("C:\Program Files\MiKTeX 2.9\tex/generic/pgf/basiclayer\pgfcorelayers.code.tex
"
File: pgfcorelayers.code.tex 2020/01/08 v3.1.5b (3.1.5b)
)
("C:\Program Files\MiKTeX 2.9\tex/generic/pgf/basiclayer\pgfcoretransparency.co
de.tex"
File: pgfcoretransparency.code.tex 2020/01/08 v3.1.5b (3.1.5b)
)
("C:\Program Files\MiKTeX 2.9\tex/generic/pgf/basiclayer\pgfcorepatterns.code.t
ex"
File: pgfcorepatterns.code.tex 2020/01/08 v3.1.5b (3.1.5b)
)
("C:\Program Files\MiKTeX 2.9\tex/generic/pgf/basiclayer\pgfcorerdf.code.tex"
File: pgfcorerdf.code.tex 2020/01/08 v3.1.5b (3.1.5b)
))) ("C:\Program Files\MiKTeX 2.9\tex/latex/pgf/utilities\xxcolor.sty"
Package: xxcolor 2003/10/24 ver 0.1
\XC@nummixins=\count273
\XC@countmixins=\count274
)
("C:\Program Files\MiKTeX 2.9\tex/generic/atbegshi\atbegshi.sty"
Package: atbegshi 2019/12/05 v1.19 At begin shipout hook (HO)

("C:\Program Files\MiKTeX 2.9\tex/generic/infwarerr\infwarerr.sty"
Package: infwarerr 2019/12/03 v1.5 Providing info/warning/error messages (HO)
)
("C:\Program Files\MiKTeX 2.9\tex/generic/ltxcmds\ltxcmds.sty"
Package: ltxcmds 2019/12/15 v1.24 LaTeX kernel commands for general use (HO)
))
("C:\Program Files\MiKTeX 2.9\tex/latex/hyperref\hyperref.sty"
Package: hyperref 2020/01/14 v7.00d Hypertext links for LaTeX

("C:\Program Files\MiKTeX 2.9\tex/latex/pdftexcmds\pdftexcmds.sty"
Package: pdftexcmds 2019/11/24 v0.31 Utility functions of pdfTeX for LuaTeX (HO
)
Package pdftexcmds Info: \pdf@primitive is available.
Package pdftexcmds Info: \pdf@ifprimitive is available.
Package pdftexcmds Info: \pdfdraftmode found.
)
("C:\Program Files\MiKTeX 2.9\tex/generic/kvsetkeys\kvsetkeys.sty"
Package: kvsetkeys 2019/12/15 v1.18 Key value parser (HO)
)
("C:\Program Files\MiKTeX 2.9\tex/generic/kvdefinekeys\kvdefinekeys.sty"
Package: kvdefinekeys 2019-12-19 v1.6 Define keys (HO)
)
("C:\Program Files\MiKTeX 2.9\tex/generic/pdfescape\pdfescape.sty"
Package: pdfescape 2019/12/09 v1.15 Implements pdfTeX's escape features (HO)
)
("C:\Program Files\MiKTeX 2.9\tex/latex/hycolor\hycolor.sty"
Package: hycolor 2020-01-27 v1.10 Color options for hyperref/bookmark (HO)
)
("C:\Program Files\MiKTeX 2.9\tex/latex/letltxmacro\letltxmacro.sty"
Package: letltxmacro 2019/12/03 v1.6 Let assignment for LaTeX macros (HO)
)
("C:\Program Files\MiKTeX 2.9\tex/latex/auxhook\auxhook.sty"
Package: auxhook 2019-12-17 v1.6 Hooks for auxiliary files (HO)
)
("C:\Program Files\MiKTeX 2.9\tex/latex/kvoptions\kvoptions.sty"
Package: kvoptions 2019/11/29 v3.13 Key value format for package options (HO)
)
\@linkdim=\dimen197
\Hy@linkcounter=\count275
\Hy@pagecounter=\count276

("C:\Program Files\MiKTeX 2.9\tex/latex/hyperref\pd1enc.def"
File: pd1enc.def 2020/01/14 v7.00d Hyperref: PDFDocEncoding definition (HO)
Now handling font encoding PD1 ...
... no UTF-8 mapping file for font encoding PD1
)
("C:\Program Files\MiKTeX 2.9\tex/generic/intcalc\intcalc.sty"
Package: intcalc 2019/12/15 v1.3 Expandable calculations with integers (HO)
)
("C:\Program Files\MiKTeX 2.9\tex/generic/etexcmds\etexcmds.sty"
Package: etexcmds 2019/12/15 v1.7 Avoid name clashes with e-TeX commands (HO)
)
\Hy@SavedSpaceFactor=\count277
Package hyperref Info: Option `bookmarks' set `true' on input line 4421.
Package hyperref Info: Option `bookmarksopen' set `true' on input line 4421.
Package hyperref Info: Option `implicit' set `false' on input line 4421.
Package hyperref Info: Hyper figures OFF on input line 4547.
Package hyperref Info: Link nesting OFF on input line 4552.
Package hyperref Info: Hyper index ON on input line 4555.
Package hyperref Info: Plain pages OFF on input line 4562.
Package hyperref Info: Backreferencing OFF on input line 4567.
Package hyperref Info: Implicit mode OFF; no redefinition of LaTeX internals.
Package hyperref Info: Bookmarks ON on input line 4800.
\c@Hy@tempcnt=\count278

("C:\Program Files\MiKTeX 2.9\tex/latex/url\url.sty"
\Urlmuskip=\muskip16
Package: url 2013/09/16  ver 3.4  Verb mode for urls, etc.
)
LaTeX Info: Redefining \url on input line 5159.
\XeTeXLinkMargin=\dimen198

("C:\Program Files\MiKTeX 2.9\tex/generic/bitset\bitset.sty"
Package: bitset 2019/12/09 v1.3 Handle bit-vector datatype (HO)

("C:\Program Files\MiKTeX 2.9\tex/generic/bigintcalc\bigintcalc.sty"
Package: bigintcalc 2019/12/15 v1.5 Expandable calculations on big integers (HO
)
))
\Fld@menulength=\count279
\Field@Width=\dimen199
\Fld@charsize=\dimen256
Package hyperref Info: Hyper figures OFF on input line 6430.
Package hyperref Info: Link nesting OFF on input line 6435.
Package hyperref Info: Hyper index ON on input line 6438.
Package hyperref Info: backreferencing OFF on input line 6445.
Package hyperref Info: Link coloring OFF on input line 6450.
Package hyperref Info: Link coloring with OCG OFF on input line 6455.
Package hyperref Info: PDF/A mode OFF on input line 6460.
LaTeX Info: Redefining \ref on input line 6500.
LaTeX Info: Redefining \pageref on input line 6504.
\Hy@abspage=\count280


Package hyperref Message: Stopped early.

)
Package hyperref Info: Driver (autodetected): hpdftex.
 ("C:\Program Files\MiKTeX 2.9\tex/latex/hyperref\hpdftex.def"
File: hpdftex.def 2020/01/14 v7.00d Hyperref driver for pdfTeX

("C:\Program Files\MiKTeX 2.9\tex/latex/atveryend\atveryend.sty"
Package: atveryend 2019-12-11 v1.11 Hooks at the very end of document (HO)
)
\Fld@listcount=\count281
\c@bookmark@seq@number=\count282

("C:\Program Files\MiKTeX 2.9\tex/latex/rerunfilecheck\rerunfilecheck.sty"
Package: rerunfilecheck 2019/12/05 v1.9 Rerun checks for auxiliary files (HO)

("C:\Program Files\MiKTeX 2.9\tex/generic/uniquecounter\uniquecounter.sty"
Package: uniquecounter 2019/12/15 v1.4 Provide unlimited unique counter (HO)
)
Package uniquecounter Info: New unique counter `rerunfilecheck' on input line 2
86.
))
("C:\Program Files\MiKTeX 2.9\tex/latex/beamer\beamerbaserequires.sty"
("C:\Program Files\MiKTeX 2.9\tex/latex/beamer\beamerbasecompatibility.sty")
("C:\Program Files\MiKTeX 2.9\tex/latex/beamer\beamerbasefont.sty"
("C:\Program Files\MiKTeX 2.9\tex/latex/amsfonts\amssymb.sty"
Package: amssymb 2013/01/14 v3.01 AMS font symbols

("C:\Program Files\MiKTeX 2.9\tex/latex/amsfonts\amsfonts.sty"
Package: amsfonts 2013/01/14 v3.01 Basic AMSFonts support
\@emptytoks=\toks27
\symAMSa=\mathgroup4
\symAMSb=\mathgroup5
LaTeX Font Info:    Redeclaring math symbol \hbar on input line 98.
LaTeX Font Info:    Overwriting math alphabet `\mathfrak' in version `bold'
(Font)                  U/euf/m/n --> U/euf/b/n on input line 106.
))
("C:\Program Files\MiKTeX 2.9\tex/latex/sansmathaccent\sansmathaccent.sty"
Package: sansmathaccent 2020/01/31

("C:\Program Files\MiKTeX 2.9\tex/latex/koma-script\scrlfile.sty"
Package: scrlfile 2020/01/24 v3.29 KOMA-Script package (loading files)
)))
("C:\Program Files\MiKTeX 2.9\tex/latex/beamer\beamerbasetranslator.sty"
("C:\Program Files\MiKTeX 2.9\tex/latex/translator\translator.sty"
Package: translator 2019-05-31 v1.12a Easy translation of strings in LaTeX
))
("C:\Program Files\MiKTeX 2.9\tex/latex/beamer\beamerbasemisc.sty")
("C:\Program Files\MiKTeX 2.9\tex/latex/beamer\beamerbasetwoscreens.sty")
("C:\Program Files\MiKTeX 2.9\tex/latex/beamer\beamerbaseoverlay.sty"
\beamer@argscount=\count283
\beamer@lastskipcover=\skip50
\beamer@trivlistdepth=\count284
)
("C:\Program Files\MiKTeX 2.9\tex/latex/beamer\beamerbasetitle.sty")
("C:\Program Files\MiKTeX 2.9\tex/latex/beamer\beamerbasesection.sty"
\c@lecture=\count285
\c@part=\count286
\c@section=\count287
\c@subsection=\count288
\c@subsubsection=\count289
)
("C:\Program Files\MiKTeX 2.9\tex/latex/beamer\beamerbaseframe.sty"
\beamer@framebox=\box60
\beamer@frametitlebox=\box61
\beamer@zoombox=\box62
\beamer@zoomcount=\count290
\beamer@zoomframecount=\count291
\beamer@frametextheight=\dimen257
\c@subsectionslide=\count292
\beamer@frametopskip=\skip51
\beamer@framebottomskip=\skip52
\beamer@frametopskipautobreak=\skip53
\beamer@framebottomskipautobreak=\skip54
\beamer@envbody=\toks28
\framewidth=\dimen258
\c@framenumber=\count293
)
("C:\Program Files\MiKTeX 2.9\tex/latex/beamer\beamerbaseverbatim.sty"
\beamer@verbatimfileout=\write4
)
("C:\Program Files\MiKTeX 2.9\tex/latex/beamer\beamerbaseframesize.sty"
\beamer@splitbox=\box63
\beamer@autobreakcount=\count294
\beamer@autobreaklastheight=\dimen259
\beamer@frametitletoks=\toks29
\beamer@framesubtitletoks=\toks30
)
("C:\Program Files\MiKTeX 2.9\tex/latex/beamer\beamerbaseframecomponents.sty"
\beamer@footins=\box64
)
("C:\Program Files\MiKTeX 2.9\tex/latex/beamer\beamerbasecolor.sty")
("C:\Program Files\MiKTeX 2.9\tex/latex/beamer\beamerbasenotes.sty"
\beamer@frameboxcopy=\box65
)
("C:\Program Files\MiKTeX 2.9\tex/latex/beamer\beamerbasetoc.sty")
("C:\Program Files\MiKTeX 2.9\tex/latex/beamer\beamerbasetemplates.sty"
\beamer@sbttoks=\toks31

("C:\Program Files\MiKTeX 2.9\tex/latex/beamer\beamerbaseauxtemplates.sty"
("C:\Program Files\MiKTeX 2.9\tex/latex/beamer\beamerbaseboxes.sty"
\bmb@box=\box66
\bmb@colorbox=\box67
\bmb@boxshadow=\box68
\bmb@boxshadowball=\box69
\bmb@boxshadowballlarge=\box70
\bmb@temp=\dimen260
\bmb@dima=\dimen261
\bmb@dimb=\dimen262
\bmb@prevheight=\dimen263
)
\beamer@blockheadheight=\dimen264
))
("C:\Program Files\MiKTeX 2.9\tex/latex/beamer\beamerbaselocalstructure.sty"
("C:\Program Files\MiKTeX 2.9\tex/latex/tools\enumerate.sty"
Package: enumerate 2015/07/23 v3.00 enumerate extensions (DPC)
\@enLab=\toks32
)
\c@figure=\count295
\c@table=\count296
\abovecaptionskip=\skip55
\belowcaptionskip=\skip56
)
("C:\Program Files\MiKTeX 2.9\tex/latex/beamer\beamerbasenavigation.sty"
\beamer@section@min@dim=\dimen265
)
("C:\Program Files\MiKTeX 2.9\tex/latex/beamer\beamerbasetheorems.sty"
("C:\Program Files\MiKTeX 2.9\tex/latex/amsmath\amsmath.sty"
Package: amsmath 2020/01/20 v2.17e AMS math features
\@mathmargin=\skip57

For additional information on amsmath, use the `?' option.
("C:\Program Files\MiKTeX 2.9\tex/latex/amsmath\amstext.sty"
Package: amstext 2000/06/29 v2.01 AMS text

("C:\Program Files\MiKTeX 2.9\tex/latex/amsmath\amsgen.sty"
File: amsgen.sty 1999/11/30 v2.0 generic functions
\@emptytoks=\toks33
\ex@=\dimen266
))
("C:\Program Files\MiKTeX 2.9\tex/latex/amsmath\amsbsy.sty"
Package: amsbsy 1999/11/29 v1.2d Bold Symbols
\pmbraise@=\dimen267
)
("C:\Program Files\MiKTeX 2.9\tex/latex/amsmath\amsopn.sty"
Package: amsopn 2016/03/08 v2.02 operator names
)
\inf@bad=\count297
LaTeX Info: Redefining \frac on input line 227.
\uproot@=\count298
\leftroot@=\count299
LaTeX Info: Redefining \overline on input line 389.
\classnum@=\count300
\DOTSCASE@=\count301
LaTeX Info: Redefining \ldots on input line 486.
LaTeX Info: Redefining \dots on input line 489.
LaTeX Info: Redefining \cdots on input line 610.
\Mathstrutbox@=\box71
\strutbox@=\box72
\big@size=\dimen268
LaTeX Font Info:    Redeclaring font encoding OML on input line 733.
LaTeX Font Info:    Redeclaring font encoding OMS on input line 734.
\macc@depth=\count302
\c@MaxMatrixCols=\count303
\dotsspace@=\muskip17
\c@parentequation=\count304
\dspbrk@lvl=\count305
\tag@help=\toks34
\row@=\count306
\column@=\count307
\maxfields@=\count308
\andhelp@=\toks35
\eqnshift@=\dimen269
\alignsep@=\dimen270
\tagshift@=\dimen271
\tagwidth@=\dimen272
\totwidth@=\dimen273
\lineht@=\dimen274
\@envbody=\toks36
\multlinegap=\skip58
\multlinetaggap=\skip59
\mathdisplay@stack=\toks37
LaTeX Info: Redefining \[ on input line 2859.
LaTeX Info: Redefining \] on input line 2860.
)
("C:\Program Files\MiKTeX 2.9\tex/latex/amscls\amsthm.sty"
Package: amsthm 2017/10/31 v2.20.4
\thm@style=\toks38
\thm@bodyfont=\toks39
\thm@headfont=\toks40
\thm@notefont=\toks41
\thm@headpunct=\toks42
\thm@preskip=\skip60
\thm@postskip=\skip61
\thm@headsep=\skip62
\dth@everypar=\toks43
)
\c@theorem=\count309
)
("C:\Program Files\MiKTeX 2.9\tex/latex/beamer\beamerbasethemes.sty"))
("C:\Program Files\MiKTeX 2.9\tex/latex/beamer\beamerthemedefault.sty"
("C:\Program Files\MiKTeX 2.9\tex/latex/beamer\beamerfontthemedefault.sty")
("C:\Program Files\MiKTeX 2.9\tex/latex/beamer\beamercolorthemedefault.sty")
("C:\Program Files\MiKTeX 2.9\tex/latex/beamer\beamerinnerthemedefault.sty"
\beamer@dima=\dimen275
\beamer@dimb=\dimen276
)
("C:\Program Files\MiKTeX 2.9\tex/latex/beamer\beamerouterthemedefault.sty")))
("C:\Program Files\MiKTeX 2.9\tex/latex/animate\animate.sty"
Package: animate 2020/05/07 PDF & SVG animations from files and inline graphics


("C:\Program Files\MiKTeX 2.9\tex/latex/xkeyval\xkeyval.sty"
Package: xkeyval 2014/12/03 v2.7a package option processing (HA)

("C:\Program Files\MiKTeX 2.9\tex/generic/xkeyval\xkeyval.tex"
("C:\Program Files\MiKTeX 2.9\tex/generic/xkeyval\xkvutils.tex"
\XKV@toks=\toks44
\XKV@tempa@toks=\toks45
)
\XKV@depth=\count310
File: xkeyval.tex 2014/12/03 v2.7a key=value parser (HA)
))
("C:\Program Files\MiKTeX 2.9\tex/latex/base\ifthen.sty"
Package: ifthen 2014/09/29 v1.1c Standard LaTeX ifthen package (DPC)
)
("C:\Program Files\MiKTeX 2.9\tex/latex/oberdiek\ifdraft.sty"
Package: ifdraft 2016/05/16 v1.4 Detect class options draft and final (HO)
)
("C:\Program Files\MiKTeX 2.9\tex/latex/tools\calc.sty"
Package: calc 2017/05/25 v4.3 Infix arithmetic (KKT,FJ)
\calc@Acount=\count311
\calc@Bcount=\count312
\calc@Adimen=\dimen277
\calc@Bdimen=\dimen278
\calc@Askip=\skip63
\calc@Bskip=\skip64
LaTeX Info: Redefining \setlength on input line 80.
LaTeX Info: Redefining \addtolength on input line 81.
\calc@Ccount=\count313
\calc@Cskip=\skip65
)
("C:\Program Files\MiKTeX 2.9\tex/latex/zref\zref-abspage.sty"
Package: zref-abspage 2020-03-03 v2.29 Module abspage for zref (HO)

("C:\Program Files\MiKTeX 2.9\tex/latex/zref\zref-base.sty"
Package: zref-base 2020-03-03 v2.29 Module base for zref (HO)
Package zref Info: New property list: main on input line 763.
Package zref Info: New property: default on input line 764.
Package zref Info: New property: page on input line 765.
)
\c@abspage=\count314
Package zref Info: New property: abspage on input line 66.
)
("C:\Program Files\MiKTeX 2.9\tex/latex/media9\pdfbase.sty"
("C:\Program Files\MiKTeX 2.9\tex/latex/l3kernel\expl3.sty"
Package: expl3 2020-04-06 L3 programming layer (loader) 

("C:\Program Files\MiKTeX 2.9\tex/latex/l3backend\l3backend-pdfmode.def"
File: l3backend-pdfmode.def 2020-03-12 L3 backend support: PDF mode
\l__kernel_color_stack_int=\count315
\l__pdf_internal_box=\box73
))
("C:\Program Files\MiKTeX 2.9\tex/latex/l3packages/l3keys2e\l3keys2e.sty"
Package: l3keys2e 2020-03-06 LaTeX2e option processing using LaTeX3 keys
)
Package: pdfbase 2020/03/25 v0.41 driver independent access to low-level PDF fe
atures
\g_pbs_page_int=\count316
\g_pbs_oc_int=\count317
)
("C:\Program Files\MiKTeX 2.9\tex/latex/ocgx2\ocgbase.sty"
Package: ocgbase 2019/11/04 v0.17 support package for ocgx2.sty
\g_ocgbase_nd_int=\count318
)
\@anim@box=\box74
\@anim@measbox=\box75
\@anim@tmpdima=\dimen279
\@anim@tmpdimb=\dimen280
\@anim@num=\count319
\@anim@curframe=\count320
\@anim@curframe@zb=\count321
\@anim@resizeflags=\count322
\@anim@skipfram=\count323
\@anim@mulframecnt=\count324
\@anim@@tmlnfile=\read3
\@anim@tmpcnt=\count325
\c@@anim@ltxcnt=\count326
\@anim@curlayer=\count327
\@anim@lineno=\count328
\@anim@curfield=\count329
\@anim@@resizeflags=\count330
)
("C:\Program Files\MiKTeX 2.9\tex/latex/listings\listings.sty"
\lst@mode=\count331
\lst@gtempboxa=\box76
\lst@token=\toks46
\lst@length=\count332
\lst@currlwidth=\dimen281
\lst@column=\count333
\lst@pos=\count334
\lst@lostspace=\dimen282
\lst@width=\dimen283
\lst@newlines=\count335
\lst@lineno=\count336
\lst@maxwidth=\dimen284

("C:\Program Files\MiKTeX 2.9\tex/latex/listings\lstmisc.sty"
File: lstmisc.sty 2020/03/24 1.8d (Carsten Heinz)
\c@lstnumber=\count337
\lst@skipnumbers=\count338
\lst@framebox=\box77
)
("C:\Program Files\MiKTeX 2.9\tex/latex/listings\listings.cfg"
File: listings.cfg 2020/03/24 1.8d listings configuration
))
Package: listings 2020/03/24 1.8d (Carsten Heinz)

("C:\Program Files\MiKTeX 2.9\tex/latex/base\fontenc.sty"
Package: fontenc 2020/02/11 v2.0o Standard LaTeX package
)
("C:\Program Files\MiKTeX 2.9\tex/latex/base\inputenc.sty"
Package: inputenc 2018/08/11 v1.3c Input encoding file
\inpenc@prehook=\toks47
\inpenc@posthook=\toks48
)
("C:\Program Files\MiKTeX 2.9\tex/latex/booktabs\booktabs.sty"
Package: booktabs 2020/01/12 v1.61803398 Publication quality tables
\heavyrulewidth=\dimen285
\lightrulewidth=\dimen286
\cmidrulewidth=\dimen287
\belowrulesep=\dimen288
\belowbottomsep=\dimen289
\aboverulesep=\dimen290
\abovetopsep=\dimen291
\cmidrulesep=\dimen292
\cmidrulekern=\dimen293
\defaultaddspace=\dimen294
\@cmidla=\count339
\@cmidlb=\count340
\@aboverulesep=\dimen295
\@belowrulesep=\dimen296
\@thisruleclass=\count341
\@lastruleclass=\count342
\@thisrulewidth=\dimen297
)
("C:\Program Files\MiKTeX 2.9\tex/latex/caption\caption.sty"
Package: caption 2020/01/03 v3.4h Customizing captions (AR)

("C:\Program Files\MiKTeX 2.9\tex/latex/caption\caption3.sty"
Package: caption3 2020/01/03 v1.8h caption3 kernel (AR)
Package caption3 Info: TeX engine: e-TeX on input line 61.
\captionmargin=\dimen298
\captionmargin@=\dimen299
\captionwidth=\dimen300
\caption@tempdima=\dimen301
\caption@indent=\dimen302
\caption@parindent=\dimen303
\caption@hangindent=\dimen304
Package caption Info: beamer document class detected.
)
\c@caption@flags=\count343
\c@continuedfloat=\count344
Package caption Info: beamer document class.
Package caption Info: hyperref package is loaded.
Package caption Info: Hyperref support is turned off
(caption)             because hyperref has stopped early.
Package caption Info: listings package is loaded.
)
("C:\Program Files\MiKTeX 2.9\tex/latex/float\float.sty"
Package: float 2001/11/08 v1.3d Float enhancements (AL)
\c@float@type=\count345
\float@exts=\toks49
\float@box=\box78
\@float@everytoks=\toks50
\@floatcapt=\box79
)
("C:\Program Files\MiKTeX 2.9\tex/latex/base\makeidx.sty"
Package: makeidx 2014/09/29 v1.0m Standard LaTeX package
)
("C:\Program Files\MiKTeX 2.9\tex/latex/subfig\subfig.sty"
Package: subfig 2005/06/28 ver: 1.3 subfig package
\c@KVtest=\count346
\sf@farskip=\skip66
\sf@captopadj=\dimen305
\sf@capskip=\skip67
\sf@nearskip=\skip68
\c@subfigure=\count347
\c@subfigure@save=\count348
\c@depth=\count349
\c@subtable=\count350
\c@subtable@save=\count351
\sf@top=\skip69
\sf@bottom=\skip70
)
("C:\Program Files\MiKTeX 2.9\tex/latex/tools\tabularx.sty"
Package: tabularx 2020/01/15 v2.11c `tabularx' package (DPC)

("C:\Program Files\MiKTeX 2.9\tex/latex/tools\array.sty"
Package: array 2019/08/31 v2.4l Tabular extension package (FMi)
\col@sep=\dimen306
\ar@mcellbox=\box80
\extrarowheight=\dimen307
\NC@list=\toks51
\extratabsurround=\skip71
\backup@length=\skip72
\ar@cellbox=\box81
)
\TX@col@width=\dimen308
\TX@old@table=\dimen309
\TX@old@col=\dimen310
\TX@target=\dimen311
\TX@delta=\dimen312
\TX@cols=\count352
\TX@ftn=\toks52
)
("C:\Program Files\MiKTeX 2.9\tex/latex/microtype\microtype.sty"
Package: microtype 2019/11/18 v2.7d Micro-typographical refinements (RS)
\MT@toks=\toks53
\MT@count=\count353
LaTeX Info: Redefining \textls on input line 790.
\MT@outer@kern=\dimen313
LaTeX Info: Redefining \textmicrotypecontext on input line 1354.
\MT@listname@count=\count354

("C:\Program Files\MiKTeX 2.9\tex/latex/microtype\microtype-pdftex.def"
File: microtype-pdftex.def 2019/11/18 v2.7d Definitions specific to pdftex (RS)

LaTeX Info: Redefining \lsstyle on input line 914.
LaTeX Info: Redefining \lslig on input line 914.
\MT@outer@space=\skip73
)
Package microtype Info: Loading configuration file microtype.cfg.

("C:\Program Files\MiKTeX 2.9\tex/latex/microtype\microtype.cfg"
File: microtype.cfg 2019/11/18 v2.7d microtype main configuration file (RS)
))
("C:\Program Files\MiKTeX 2.9\tex/latex/tools\indentfirst.sty"
Package: indentfirst 1995/11/23 v1.03 Indent first paragraph (DPC)
)
("C:\Program Files\MiKTeX 2.9\tex/latex/fancyhdr\fancyhdr.sty"
Package: fancyhdr 2019/01/31 v3.10 Extensive control of page headers and footer
s
\f@nch@headwidth=\skip74
\f@nch@O@elh=\skip75
\f@nch@O@erh=\skip76
\f@nch@O@olh=\skip77
\f@nch@O@orh=\skip78
\f@nch@O@elf=\skip79
\f@nch@O@erf=\skip80
\f@nch@O@olf=\skip81
\f@nch@O@orf=\skip82
)
("C:\Program Files\MiKTeX 2.9\tex/latex/tools\verbatim.sty"
Package: verbatim 2019/11/10 v1.5r LaTeX2e package for verbatim enhancements
\every@verbatim=\toks54
\verbatim@line=\toks55
\verbatim@in@stream=\read4
)
("C:\Program Files\MiKTeX 2.9\tex/latex/pdfpages\pdfpages.sty"
Package: pdfpages 2020/01/28 v0.5q Insert pages of external PDF documents (AM)

("C:\Program Files\MiKTeX 2.9\tex/latex/eso-pic\eso-pic.sty"
Package: eso-pic 2018/04/12 v2.0h eso-pic (RN)
)
\AM@pagewidth=\dimen314
\AM@pageheight=\dimen315

("C:\Program Files\MiKTeX 2.9\tex/latex/pdfpages\pppdftex.def"
File: pppdftex.def 2020/01/28 v0.5q Pdfpages driver for pdfTeX (AM)
)
\AM@pagebox=\box82
\AM@global@opts=\toks56
\AM@pagecnt=\count355
\AM@toc@title=\toks57
\c@AM@survey=\count356
\AM@templatesizebox=\box83
)
("C:\Program Files\MiKTeX 2.9\tex/latex/tasks\tasks.sty"
("C:\Program Files\MiKTeX 2.9\tex/latex/l3packages/xparse\xparse.sty"
Package: xparse 2020-03-06 L3 Experimental document command parser
\l__xparse_current_arg_int=\count357
\g__xparse_grabber_int=\count358
\l__xparse_m_args_int=\count359
\l__xparse_v_nesting_int=\count360
)
("C:\Program Files\MiKTeX 2.9\tex/latex/l3packages/xtemplate\xtemplate.sty"
Package: xtemplate 2020-03-06 L3 Experimental prototype document functions
\l__xtemplate_tmp_dim=\dimen316
\l__xtemplate_tmp_int=\count361
\l__xtemplate_tmp_muskip=\muskip18
\l__xtemplate_tmp_skip=\skip83
)
Package: tasks 2020/03/21 v1.2 lists with columns filled horizontally
\g__tasks_total_items_int=\count362
\l__tasks_columns_int=\count363
\g__tasks_rows_int=\count364
\g__tasks_current_col_num_int=\count365
\g__tasks_current_row_num_int=\count366
\l__tasks_item_columns_int=\count367
\g__tasks_env_int=\count368
\l__tasks_start_int=\count369
\l__tasks_item_indent_dim=\dimen317
\l__tasks_item_default_indent_dim=\dimen318
\l__tasks_item_width_dim=\dimen319
\l__tasks_label_width_dim=\dimen320
\l__tasks_label_default_width_dim=\dimen321
\l__tasks_label_offset_dim=\dimen322
\l__tasks_label_default_offset_dim=\dimen323
\l__tasks_column_sep_dim=\dimen324
\l__tasks_correction_dim=\dimen325
\l__tasks_full_width_dim=\dimen326
\l__tasks_after_item_skip=\skip84
\l__tasks_custom_after_item_skip=\skip85
\l__tasks_before_list_skip=\skip86
\l__tasks_after_list_skip=\skip87
\l__tasks_item_coffin=\box84
\l__tasks_label_coffin=\box85
\c@task=\count370
\l__tasks_tmpa_int=\count371
\l__tasks_tmpb_int=\count372
\l__tasks_tmpa_coffin=\box86
\l__tasks_tmpa_box=\box87

Package xtemplate Info: Declaring object type 'tasks' taking 3 argument(s) on
(xtemplate)             line 440.


("C:\Program Files\MiKTeX 2.9\tex/latex/tasks\tasks.cfg"))
Package hyperref Info: Option `colorlinks' set `true' on input line 29.

("C:\Program Files\MiKTeX 2.9\tex/latex/attachfile\attachfile.sty"
Package: attachfile 2016/09/18 v1.9 PDF 1.3+ file attachment
\c@atfi@tmp=\count373
\atfi@appearancewidth=\skip88
\atfi@appearanceheight=\skip89
\atfi@appearancedepth=\skip90
\atfi@appearancebox=\box88
)
("C:\Program Files\MiKTeX 2.9\tex/latex/listings\lstlang1.sty"
File: lstlang1.sty 2020/03/24 1.8d listings language file
)
("C:\Program Files\MiKTeX 2.9\tex/latex/beamer\xmpmulti.sty"
\@mpm@count=\count374
)
("C:\Program Files\MiKTeX 2.9\tex/latex/beamer\beamerthemeSingapore.sty"
("C:\Program Files\MiKTeX 2.9\tex/latex/beamer\beamerouterthememiniframes.sty")
) ("C:\Program Files\MiKTeX 2.9\tex/latex/beamer\beamercolorthemelily.sty")
("C:\Program Files\MiKTeX 2.9\tex/latex/beamer\beamerfontthemestructuresmallcap
sserif.sty")

Package hyperref Warning: Token not allowed in a PDF string (PDFDocEncoding):
(hyperref)                removing `\\' on input line 64.

(Pegasus_project_Checola_Zamboni.aux)
\openout1 = `Pegasus_project_Checola_Zamboni.aux'.

LaTeX Font Info:    Checking defaults for OML/cmm/m/it on input line 70.
LaTeX Font Info:    ... okay on input line 70.
LaTeX Font Info:    Checking defaults for OMS/cmsy/m/n on input line 70.
LaTeX Font Info:    ... okay on input line 70.
LaTeX Font Info:    Checking defaults for OT1/cmr/m/n on input line 70.
LaTeX Font Info:    ... okay on input line 70.
LaTeX Font Info:    Checking defaults for T1/cmr/m/n on input line 70.
LaTeX Font Info:    ... okay on input line 70.
LaTeX Font Info:    Checking defaults for TS1/cmr/m/n on input line 70.
LaTeX Font Info:    ... okay on input line 70.
LaTeX Font Info:    Checking defaults for OMX/cmex/m/n on input line 70.
LaTeX Font Info:    ... okay on input line 70.
LaTeX Font Info:    Checking defaults for U/cmr/m/n on input line 70.
LaTeX Font Info:    ... okay on input line 70.
LaTeX Font Info:    Checking defaults for PD1/pdf/m/n on input line 70.
LaTeX Font Info:    ... okay on input line 70.

*geometry* driver: auto-detecting
*geometry* detected driver: pdftex
*geometry* verbose mode - [ preamble ] result:
* driver: pdftex
* paper: custom
* layout: <same size as paper>
* layoutoffset:(h,v)=(0.0pt,0.0pt)
* modes: includehead includefoot 
* h-part:(L,W,R)=(28.45274pt, 307.28987pt, 28.45274pt)
* v-part:(T,H,B)=(0.0pt, 273.14662pt, 0.0pt)
* \paperwidth=364.19536pt
* \paperheight=273.14662pt
* \textwidth=307.28987pt
* \textheight=244.6939pt
* \oddsidemargin=-43.81725pt
* \evensidemargin=-43.81725pt
* \topmargin=-72.26999pt
* \headheight=14.22636pt
* \headsep=0.0pt
* \topskip=11.0pt
* \footskip=14.22636pt
* \marginparwidth=4.0pt
* \marginparsep=10.0pt
* \columnsep=10.0pt
* \skip\footins=10.0pt plus 4.0pt minus 2.0pt
* \hoffset=0.0pt
* \voffset=0.0pt
* \mag=1000
* \@twocolumnfalse
* \@twosidefalse
* \@mparswitchfalse
* \@reversemarginfalse
* (1in=72.27pt=25.4mm, 1cm=28.453pt)

("C:\Program Files\MiKTeX 2.9\tex/context/base/mkii\supp-pdf.mkii"
[Loading MPS to PDF converter (version 2006.09.02).]
\scratchcounter=\count375
\scratchdimen=\dimen327
\scratchbox=\box89
\nofMPsegments=\count376
\nofMParguments=\count377
\everyMPshowfont=\toks58
\MPscratchCnt=\count378
\MPscratchDim=\dimen328
\MPnumerator=\count379
\makeMPintoPDFobject=\count380
\everyMPtoPDFconversion=\toks59
) ("C:\Program Files\MiKTeX 2.9\tex/latex/epstopdf-pkg\epstopdf-base.sty"
Package: epstopdf-base 2020-01-24 v2.11 Base part for package epstopdf
Package epstopdf-base Info: Redefining graphics rule for `.eps' on input line 4
85.
)
ABD: EveryShipout initializing macros
\AtBeginShipoutBox=\box90
Package hyperref Info: Link coloring ON on input line 70.

("C:\Program Files\MiKTeX 2.9\tex/latex/hyperref\nameref.sty"
Package: nameref 2019/09/16 v2.46 Cross-referencing by name of section

("C:\Program Files\MiKTeX 2.9\tex/latex/refcount\refcount.sty"
Package: refcount 2019/12/15 v3.6 Data extraction from label references (HO)
)
("C:\Program Files\MiKTeX 2.9\tex/generic/gettitlestring\gettitlestring.sty"
Package: gettitlestring 2019/12/15 v1.6 Cleanup title references (HO)
)
\c@section@level=\count381
)
LaTeX Info: Redefining \ref on input line 70.
LaTeX Info: Redefining \pageref on input line 70.
LaTeX Info: Redefining \nameref on input line 70.

(Pegasus_project_Checola_Zamboni.out) (Pegasus_project_Checola_Zamboni.out)
\@outlinefile=\write5
\openout5 = `Pegasus_project_Checola_Zamboni.out'.

LaTeX Font Info:    Overwriting symbol font `operators' in version `normal'
(Font)                  OT1/cmr/m/n --> OT1/cmss/m/n on input line 70.
LaTeX Font Info:    Overwriting symbol font `operators' in version `bold'
(Font)                  OT1/cmr/bx/n --> OT1/cmss/b/n on input line 70.
\symnumbers=\mathgroup6
\sympureletters=\mathgroup7
LaTeX Font Info:    Overwriting math alphabet `\mathrm' in version `normal'
(Font)                  OT1/cmss/m/n --> T1/cmr/m/n on input line 70.
LaTeX Font Info:    Redeclaring math alphabet \mathbf on input line 70.
LaTeX Font Info:    Overwriting math alphabet `\mathbf' in version `normal'
(Font)                  OT1/cmr/bx/n --> T1/cmss/b/n on input line 70.
LaTeX Font Info:    Overwriting math alphabet `\mathbf' in version `bold'
(Font)                  OT1/cmr/bx/n --> T1/cmss/b/n on input line 70.
LaTeX Font Info:    Redeclaring math alphabet \mathsf on input line 70.
LaTeX Font Info:    Overwriting math alphabet `\mathsf' in version `normal'
(Font)                  OT1/cmss/m/n --> T1/cmss/m/n on input line 70.
LaTeX Font Info:    Overwriting math alphabet `\mathsf' in version `bold'
(Font)                  OT1/cmss/bx/n --> T1/cmss/m/n on input line 70.
LaTeX Font Info:    Redeclaring math alphabet \mathit on input line 70.
LaTeX Font Info:    Overwriting math alphabet `\mathit' in version `normal'
(Font)                  OT1/cmr/m/it --> T1/cmss/m/it on input line 70.
LaTeX Font Info:    Overwriting math alphabet `\mathit' in version `bold'
(Font)                  OT1/cmr/bx/it --> T1/cmss/m/it on input line 70.
LaTeX Font Info:    Redeclaring math alphabet \mathtt on input line 70.
LaTeX Font Info:    Overwriting math alphabet `\mathtt' in version `normal'
(Font)                  OT1/cmtt/m/n --> T1/cmtt/m/n on input line 70.
LaTeX Font Info:    Overwriting math alphabet `\mathtt' in version `bold'
(Font)                  OT1/cmtt/m/n --> T1/cmtt/m/n on input line 70.
LaTeX Font Info:    Overwriting symbol font `numbers' in version `bold'
(Font)                  T1/cmss/m/n --> T1/cmss/b/n on input line 70.
LaTeX Font Info:    Overwriting symbol font `pureletters' in version `bold'
(Font)                  T1/cmss/m/it --> T1/cmss/b/it on input line 70.
LaTeX Font Info:    Overwriting math alphabet `\mathrm' in version `bold'
(Font)                  OT1/cmss/b/n --> T1/cmr/b/n on input line 70.
LaTeX Font Info:    Overwriting math alphabet `\mathbf' in version `bold'
(Font)                  T1/cmss/b/n --> T1/cmss/b/n on input line 70.
LaTeX Font Info:    Overwriting math alphabet `\mathsf' in version `bold'
(Font)                  T1/cmss/m/n --> T1/cmss/b/n on input line 70.
LaTeX Font Info:    Overwriting math alphabet `\mathit' in version `bold'
(Font)                  T1/cmss/m/it --> T1/cmss/b/it on input line 70.
LaTeX Font Info:    Overwriting math alphabet `\mathtt' in version `bold'
(Font)                  T1/cmtt/m/n --> T1/cmtt/b/n on input line 70.
LaTeX Font Info:    Redeclaring symbol font `pureletters' on input line 70.
LaTeX Font Info:    Encoding `T1' has changed to `OT1' for symbol font
(Font)              `pureletters' in the math version `normal' on input line 70
.
LaTeX Font Info:    Overwriting symbol font `pureletters' in version `normal'
(Font)                  T1/cmss/m/it --> OT1/mathkerncmss/m/sl on input line 70
.
LaTeX Font Info:    Encoding `T1' has changed to `OT1' for symbol font
(Font)              `pureletters' in the math version `bold' on input line 70.
LaTeX Font Info:    Overwriting symbol font `pureletters' in version `bold'
(Font)                  T1/cmss/b/it --> OT1/mathkerncmss/m/sl on input line 70
.
LaTeX Font Info:    Overwriting symbol font `pureletters' in version `bold'
(Font)                  OT1/mathkerncmss/m/sl --> OT1/mathkerncmss/bx/sl on inp
ut line 70.

("C:\Program Files\MiKTeX 2.9\tex/latex/translator\translator-basic-dictionary-
English.dict"
Dictionary: translator-basic-dictionary, Language: English 
)
("C:\Program Files\MiKTeX 2.9\tex/latex/translator\translator-bibliography-dict
ionary-English.dict"
Dictionary: translator-bibliography-dictionary, Language: English 
)
("C:\Program Files\MiKTeX 2.9\tex/latex/translator\translator-environment-dicti
onary-English.dict"
Dictionary: translator-environment-dictionary, Language: English 
)
("C:\Program Files\MiKTeX 2.9\tex/latex/translator\translator-months-dictionary
-English.dict"
Dictionary: translator-months-dictionary, Language: English 
)
("C:\Program Files\MiKTeX 2.9\tex/latex/translator\translator-numbers-dictionar
y-English.dict"
Dictionary: translator-numbers-dictionary, Language: English 
)
("C:\Program Files\MiKTeX 2.9\tex/latex/translator\translator-theorem-dictionar
y-English.dict"
Dictionary: translator-theorem-dictionary, Language: English 
)
\c@lstlisting=\count382
Package caption Info: Begin \AtBeginDocument code.
Package caption Info: subfig package v1.3 is loaded.
Package caption Info: float package is loaded.
Package caption Info: End \AtBeginDocument code.
LaTeX Info: Redefining \microtypecontext on input line 70.
Package microtype Info: Generating PDF output.
Package microtype Info: Character protrusion enabled (level 2).
Package microtype Info: Using default protrusion set `alltext'.
Package microtype Info: Automatic font expansion enabled (level 2),
(microtype)             stretch: 20, shrink: 20, step: 1, non-selected.
Package microtype Info: Using default expansion set `basictext'.
LaTeX Info: Redefining \showhyphens on input line 70.
Package microtype Info: No adjustment of tracking.
Package microtype Info: No adjustment of interword spacing.
Package microtype Info: No adjustment of character kerning.
Package microtype Info: Loading generic protrusion settings for font family
(microtype)             `cmss' (encoding: T1).
(microtype)             For optimal results, create family-specific settings.
(microtype)             See the microtype manual for details.
 ("C:\Program Files\MiKTeX 2.9\tex/latex/pdflscape\pdflscape.sty"
Package: pdflscape 2019/12/05 v0.12 Display of landscape pages in PDF (HO)
 ("C:\Program Files\MiKTeX 2.9\tex/latex/graphics\lscape.sty"
Package: lscape 2000/10/22 v3.01 Landscape Pages (DPC)
)
Package pdflscape Info: Auto-detected driver: pdftex on input line 81.
)
(Pegasus_project_Checola_Zamboni.nav)

LaTeX Font Warning: Font shape `T1/cmss/m/sc' undefined
(Font)              using `T1/cmss/m/n' instead on input line 70.

("C:\Program Files\MiKTeX 2.9\tex/latex/microtype\mt-cmr.cfg"
File: mt-cmr.cfg 2013/05/19 v2.2 microtype config. file: Computer Modern Roman 
(RS)
)
<immagini/Unitn.png, id=14, 225.84375pt x 225.84375pt>
File: immagini/Unitn.png Graphic file (type png)
<use immagini/Unitn.png>
Package pdftex.def Info: immagini/Unitn.png  used on input line 73.
(pdftex.def)             Requested size: 56.9055pt x 56.90533pt.
 [1

{C:/Users/giorg/AppData/Local/MiKTeX/2.9/pdftex/config/pdftex.map} <./immagini/
Unitn.png>]
Package microtype Info: Loading generic protrusion settings for font family
(microtype)             `cmss' (encoding: OT1).
(microtype)             For optimal results, create family-specific settings.
(microtype)             See the microtype manual for details.
LaTeX Font Info:    Trying to load font information for U+msa on input line 103
.

("C:\Program Files\MiKTeX 2.9\tex/latex/amsfonts\umsa.fd"
File: umsa.fd 2013/01/14 v3.01 AMS symbols A
)
("C:\Program Files\MiKTeX 2.9\tex/latex/microtype\mt-msa.cfg"
File: mt-msa.cfg 2006/02/04 v1.1 microtype config. file: AMS symbols (a) (RS)
)
LaTeX Font Info:    Trying to load font information for U+msb on input line 103
.

("C:\Program Files\MiKTeX 2.9\tex/latex/amsfonts\umsb.fd"
File: umsb.fd 2013/01/14 v3.01 AMS symbols B
)
("C:\Program Files\MiKTeX 2.9\tex/latex/microtype\mt-msb.cfg"
File: mt-msb.cfg 2005/06/01 v1.0 microtype config. file: AMS symbols (b) (RS)
)
LaTeX Font Info:    Trying to load font information for OT1+mathkerncmss on inp
ut line 103.

("C:\Program Files\MiKTeX 2.9\tex/latex/sansmathaccent\ot1mathkerncmss.fd"
File: ot1mathkerncmss.fd 2020/01/31 Fontinst v1.933 font definitions for OT1/ma
thkerncmss.
)
Package microtype Info: Loading generic protrusion settings for font family
(microtype)             `mathkerncmss' (encoding: OT1).
(microtype)             For optimal results, create family-specific settings.
(microtype)             See the microtype manual for details.
LaTeX Font Info:    Trying to load font information for TS1+cmss on input line 
103.

("C:\Program Files\MiKTeX 2.9\tex/latex/base\ts1cmss.fd"
File: ts1cmss.fd 2019/12/16 v2.5j Standard LaTeX font definitions
)
Package microtype Info: Loading generic protrusion settings for font family
(microtype)             `cmss' (encoding: TS1).
(microtype)             For optimal results, create family-specific settings.
(microtype)             See the microtype manual for details.
<immagini/Pegasus.png, id=50, 493.0922pt x 676.77844pt>
File: immagini/Pegasus.png Graphic file (type png)
<use immagini/Pegasus.png>
Package pdftex.def Info: immagini/Pegasus.png  used on input line 103.
(pdftex.def)             Requested size: 125.0pt x 171.55902pt.
 [2

 <./immagini/Pegasus.png>]
<immagini/competitorsData.jpg, id=83, 637.63219pt x 451.6875pt>
File: immagini/competitorsData.jpg Graphic file (type jpg)
<use immagini/competitorsData.jpg>
Package pdftex.def Info: immagini/competitorsData.jpg  used on input line 124.
(pdftex.def)             Requested size: 150.0pt x 106.25685pt.
<immagini/Pegasus2.jpg, id=84, 803.0pt x 534.99875pt>
File: immagini/Pegasus2.jpg Graphic file (type jpg)
<use immagini/Pegasus2.jpg>
Package pdftex.def Info: immagini/Pegasus2.jpg  used on input line 124.
(pdftex.def)             Requested size: 150.0pt x 99.9365pt.
 [3

 <./immagini/competitorsData.jpg> <./immagini/Pegasus2.jpg>]
<immagini/QFD.JPG, id=114, 371.13657pt x 296.60812pt>
File: immagini/QFD.JPG Graphic file (type jpg)
<use immagini/QFD.JPG>
Package pdftex.def Info: immagini/QFD.JPG  used on input line 134.
(pdftex.def)             Requested size: 200.0pt x 159.84013pt.
 [4

 <./immagini/QFD.JPG>] [5

] [6

] [7

]
\openout4 = `Pegasus_project_Checola_Zamboni.vrb'.

 (Pegasus_project_Checola_Zamboni.vrb
LaTeX Font Info:    Trying to load font information for T1+cmtt on input line 1
2.

("C:\Program Files\MiKTeX 2.9\tex/latex/base\t1cmtt.fd"
File: t1cmtt.fd 2019/12/16 v2.5j Standard LaTeX font definitions
)
Package microtype Info: Loading generic protrusion settings for font family
(microtype)             `cmtt' (encoding: T1).
(microtype)             For optimal results, create family-specific settings.
(microtype)             See the microtype manual for details.
<<allegati/revolution32specsheet.pdf>><<allegati/hsl02-07.pdf>>
Overfull \hbox (4.09227pt too wide) in paragraph at lines 24--24
[][][][][]  
 []

) [8

]
\openout4 = `Pegasus_project_Checola_Zamboni.vrb'.

 (Pegasus_project_Checola_Zamboni.vrb<<allegati/HighAccelerationandtheHumanBody
.pdf>><<allegati/AGEvidenceReport.pdf>>) [9

]
\openout4 = `Pegasus_project_Checola_Zamboni.vrb'.


(Pegasus_project_Checola_Zamboni.vrb) [10

] [11

]
Overfull \hbox (4.80838pt too wide) in paragraph at lines 362--362
[][]  
 []


Overfull \hbox (4.80838pt too wide) in paragraph at lines 362--362
[][]  
 []

[12

]
<immagini/2D_pegasus.jpg, id=422, 852.05722pt x 602.45244pt>
File: immagini/2D_pegasus.jpg Graphic file (type jpg)
<use immagini/2D_pegasus.jpg>
Package pdftex.def Info: immagini/2D_pegasus.jpg  used on input line 366.
(pdftex.def)             Requested size: 300.0pt x 212.12091pt.
 [13

 <./immagini/2D_pegasus.jpg>] [14

] [15

] [16

]
<grafici/liftarm_initialpos.png, id=529, 300.3722pt x 167.12437pt>
File: grafici/liftarm_initialpos.png Graphic file (type png)
<use grafici/liftarm_initialpos.png>
Package pdftex.def Info: grafici/liftarm_initialpos.png  used on input line 481
.
(pdftex.def)             Requested size: 125.0pt x 69.54912pt.

Overfull \hbox (2.08594pt too wide) in paragraph at lines 481--481
 [] 
 []

<immagini/teorema_carnot.png, id=530, 219.82124pt x 182.93344pt>
File: immagini/teorema_carnot.png Graphic file (type png)
<use immagini/teorema_carnot.png>
Package pdftex.def Info: immagini/teorema_carnot.png  used on input line 481.
(pdftex.def)             Requested size: 75.0pt x 62.41426pt.
[17

 <./grafici/liftarm_initialpos.png> <./immagini/teorema_carnot.png>]
<animations/p1e8k8iuatgaavho11pe1btie394-0.png, id=564, 401.5pt x 401.5pt>
File: animations/p1e8k8iuatgaavho11pe1btie394-0.png Graphic file (type png)
<use animations/p1e8k8iuatgaavho11pe1btie394-0.png>
Package pdftex.def Info: animations/p1e8k8iuatgaavho11pe1btie394-0.png  used on
 input line 490.
(pdftex.def)             Requested size: 401.49901pt x 401.49901pt.
 <./animations/p1e8k8iuatgaavho11pe1btie394-0.png> <a0,fr0>
<animations/p1e8k8iuatgaavho11pe1btie394-1.png, id=573, 401.5pt x 401.5pt>
File: animations/p1e8k8iuatgaavho11pe1btie394-1.png Graphic file (type png)
<use animations/p1e8k8iuatgaavho11pe1btie394-1.png>
Package pdftex.def Info: animations/p1e8k8iuatgaavho11pe1btie394-1.png  used on
 input line 490.
(pdftex.def)             Requested size: 401.49901pt x 401.49901pt.
 <./animations/p1e8k8iuatgaavho11pe1btie394-1.png> <a0,fr1>
<animations/p1e8k8iuatgaavho11pe1btie394-2.png, id=582, 401.5pt x 401.5pt>
File: animations/p1e8k8iuatgaavho11pe1btie394-2.png Graphic file (type png)
<use animations/p1e8k8iuatgaavho11pe1btie394-2.png>
Package pdftex.def Info: animations/p1e8k8iuatgaavho11pe1btie394-2.png  used on
 input line 490.
(pdftex.def)             Requested size: 401.49901pt x 401.49901pt.
 <./animations/p1e8k8iuatgaavho11pe1btie394-2.png> <a0,fr2>
<animations/p1e8k8iuatgaavho11pe1btie394-3.png, id=591, 401.5pt x 401.5pt>
File: animations/p1e8k8iuatgaavho11pe1btie394-3.png Graphic file (type png)
<use animations/p1e8k8iuatgaavho11pe1btie394-3.png>
Package pdftex.def Info: animations/p1e8k8iuatgaavho11pe1btie394-3.png  used on
 input line 490.
(pdftex.def)             Requested size: 401.49901pt x 401.49901pt.
 <./animations/p1e8k8iuatgaavho11pe1btie394-3.png> <a0,fr3>
<animations/p1e8k8iuatgaavho11pe1btie394-4.png, id=600, 401.5pt x 401.5pt>
File: animations/p1e8k8iuatgaavho11pe1btie394-4.png Graphic file (type png)
<use animations/p1e8k8iuatgaavho11pe1btie394-4.png>
Package pdftex.def Info: animations/p1e8k8iuatgaavho11pe1btie394-4.png  used on
 input line 490.
(pdftex.def)             Requested size: 401.49901pt x 401.49901pt.
 <./animations/p1e8k8iuatgaavho11pe1btie394-4.png> <a0,fr4>
<animations/p1e8k8iuatgaavho11pe1btie394-5.png, id=609, 401.5pt x 401.5pt>
File: animations/p1e8k8iuatgaavho11pe1btie394-5.png Graphic file (type png)
<use animations/p1e8k8iuatgaavho11pe1btie394-5.png>
Package pdftex.def Info: animations/p1e8k8iuatgaavho11pe1btie394-5.png  used on
 input line 490.
(pdftex.def)             Requested size: 401.49901pt x 401.49901pt.
 <./animations/p1e8k8iuatgaavho11pe1btie394-5.png> <a0,fr5>
<animations/p1e8k8iuatgaavho11pe1btie394-6.png, id=618, 401.5pt x 401.5pt>
File: animations/p1e8k8iuatgaavho11pe1btie394-6.png Graphic file (type png)
<use animations/p1e8k8iuatgaavho11pe1btie394-6.png>
Package pdftex.def Info: animations/p1e8k8iuatgaavho11pe1btie394-6.png  used on
 input line 490.
(pdftex.def)             Requested size: 401.49901pt x 401.49901pt.
 <./animations/p1e8k8iuatgaavho11pe1btie394-6.png> <a0,fr6>
<animations/p1e8k8iuatgaavho11pe1btie394-7.png, id=627, 401.5pt x 401.5pt>
File: animations/p1e8k8iuatgaavho11pe1btie394-7.png Graphic file (type png)
<use animations/p1e8k8iuatgaavho11pe1btie394-7.png>
Package pdftex.def Info: animations/p1e8k8iuatgaavho11pe1btie394-7.png  used on
 input line 490.
(pdftex.def)             Requested size: 401.49901pt x 401.49901pt.
 <./animations/p1e8k8iuatgaavho11pe1btie394-7.png> <a0,fr7>
<animations/p1e8k8iuatgaavho11pe1btie394-8.png, id=636, 401.5pt x 401.5pt>
File: animations/p1e8k8iuatgaavho11pe1btie394-8.png Graphic file (type png)
<use animations/p1e8k8iuatgaavho11pe1btie394-8.png>
Package pdftex.def Info: animations/p1e8k8iuatgaavho11pe1btie394-8.png  used on
 input line 490.
(pdftex.def)             Requested size: 401.49901pt x 401.49901pt.
 <./animations/p1e8k8iuatgaavho11pe1btie394-8.png> <a0,fr8>
<animations/p1e8k8iuatgaavho11pe1btie394-9.png, id=645, 401.5pt x 401.5pt>
File: animations/p1e8k8iuatgaavho11pe1btie394-9.png Graphic file (type png)
<use animations/p1e8k8iuatgaavho11pe1btie394-9.png>
Package pdftex.def Info: animations/p1e8k8iuatgaavho11pe1btie394-9.png  used on
 input line 490.
(pdftex.def)             Requested size: 401.49901pt x 401.49901pt.
 <./animations/p1e8k8iuatgaavho11pe1btie394-9.png> <a0,fr9>
<animations/p1e8k8iuatgaavho11pe1btie394-10.png, id=654, 401.5pt x 401.5pt>
File: animations/p1e8k8iuatgaavho11pe1btie394-10.png Graphic file (type png)
<use animations/p1e8k8iuatgaavho11pe1btie394-10.png>
Package pdftex.def Info: animations/p1e8k8iuatgaavho11pe1btie394-10.png  used o
n input line 490.
(pdftex.def)             Requested size: 401.49901pt x 401.49901pt.
 <./animations/p1e8k8iuatgaavho11pe1btie394-10.png> <a0,fr10>
<animations/p1e8k8iuatgaavho11pe1btie394-11.png, id=663, 401.5pt x 401.5pt>
File: animations/p1e8k8iuatgaavho11pe1btie394-11.png Graphic file (type png)
<use animations/p1e8k8iuatgaavho11pe1btie394-11.png>
Package pdftex.def Info: animations/p1e8k8iuatgaavho11pe1btie394-11.png  used o
n input line 490.
(pdftex.def)             Requested size: 401.49901pt x 401.49901pt.
 <./animations/p1e8k8iuatgaavho11pe1btie394-11.png> <a0,fr11>
<animations/p1e8k8iuatgaavho11pe1btie394-12.png, id=672, 401.5pt x 401.5pt>
File: animations/p1e8k8iuatgaavho11pe1btie394-12.png Graphic file (type png)
<use animations/p1e8k8iuatgaavho11pe1btie394-12.png>
Package pdftex.def Info: animations/p1e8k8iuatgaavho11pe1btie394-12.png  used o
n input line 490.
(pdftex.def)             Requested size: 401.49901pt x 401.49901pt.
 <./animations/p1e8k8iuatgaavho11pe1btie394-12.png> <a0,fr12>
<animations/p1e8k8iuatgaavho11pe1btie394-13.png, id=681, 401.5pt x 401.5pt>
File: animations/p1e8k8iuatgaavho11pe1btie394-13.png Graphic file (type png)
<use animations/p1e8k8iuatgaavho11pe1btie394-13.png>
Package pdftex.def Info: animations/p1e8k8iuatgaavho11pe1btie394-13.png  used o
n input line 490.
(pdftex.def)             Requested size: 401.49901pt x 401.49901pt.
 <./animations/p1e8k8iuatgaavho11pe1btie394-13.png> <a0,fr13>
<animations/p1e8k8iuatgaavho11pe1btie394-14.png, id=690, 401.5pt x 401.5pt>
File: animations/p1e8k8iuatgaavho11pe1btie394-14.png Graphic file (type png)
<use animations/p1e8k8iuatgaavho11pe1btie394-14.png>
Package pdftex.def Info: animations/p1e8k8iuatgaavho11pe1btie394-14.png  used o
n input line 490.
(pdftex.def)             Requested size: 401.49901pt x 401.49901pt.
 <./animations/p1e8k8iuatgaavho11pe1btie394-14.png> <a0,fr14>
<animations/p1e8k8iuatgaavho11pe1btie394-15.png, id=699, 401.5pt x 401.5pt>
File: animations/p1e8k8iuatgaavho11pe1btie394-15.png Graphic file (type png)
<use animations/p1e8k8iuatgaavho11pe1btie394-15.png>
Package pdftex.def Info: animations/p1e8k8iuatgaavho11pe1btie394-15.png  used o
n input line 490.
(pdftex.def)             Requested size: 401.49901pt x 401.49901pt.
 <./animations/p1e8k8iuatgaavho11pe1btie394-15.png>
<a0,fr15>
<animations/p1e8k8iuatgaavho11pe1btie394-16.png, id=708, 401.5pt x 401.5pt>
File: animations/p1e8k8iuatgaavho11pe1btie394-16.png Graphic file (type png)
<use animations/p1e8k8iuatgaavho11pe1btie394-16.png>
Package pdftex.def Info: animations/p1e8k8iuatgaavho11pe1btie394-16.png  used o
n input line 490.
(pdftex.def)             Requested size: 401.49901pt x 401.49901pt.
 <./animations/p1e8k8iuatgaavho11pe1btie394-16.png> <a0,fr16>
<animations/p1e8k8iuatgaavho11pe1btie394-17.png, id=717, 401.5pt x 401.5pt>
File: animations/p1e8k8iuatgaavho11pe1btie394-17.png Graphic file (type png)
<use animations/p1e8k8iuatgaavho11pe1btie394-17.png>
Package pdftex.def Info: animations/p1e8k8iuatgaavho11pe1btie394-17.png  used o
n input line 490.
(pdftex.def)             Requested size: 401.49901pt x 401.49901pt.
 <./animations/p1e8k8iuatgaavho11pe1btie394-17.png> <a0,fr17>
<animations/p1e8k8iuatgaavho11pe1btie394-18.png, id=726, 401.5pt x 401.5pt>
File: animations/p1e8k8iuatgaavho11pe1btie394-18.png Graphic file (type png)
<use animations/p1e8k8iuatgaavho11pe1btie394-18.png>
Package pdftex.def Info: animations/p1e8k8iuatgaavho11pe1btie394-18.png  used o
n input line 490.
(pdftex.def)             Requested size: 401.49901pt x 401.49901pt.
 <./animations/p1e8k8iuatgaavho11pe1btie394-18.png> <a0,fr18>
<animations/p1e8k8iuatgaavho11pe1btie394-19.png, id=735, 401.5pt x 401.5pt>
File: animations/p1e8k8iuatgaavho11pe1btie394-19.png Graphic file (type png)
<use animations/p1e8k8iuatgaavho11pe1btie394-19.png>
Package pdftex.def Info: animations/p1e8k8iuatgaavho11pe1btie394-19.png  used o
n input line 490.
(pdftex.def)             Requested size: 401.49901pt x 401.49901pt.
 <./animations/p1e8k8iuatgaavho11pe1btie394-19.png> <a0,fr19>
<animations/p1e8k8iuatgaavho11pe1btie394-20.png, id=744, 401.5pt x 401.5pt>
File: animations/p1e8k8iuatgaavho11pe1btie394-20.png Graphic file (type png)
<use animations/p1e8k8iuatgaavho11pe1btie394-20.png>
Package pdftex.def Info: animations/p1e8k8iuatgaavho11pe1btie394-20.png  used o
n input line 490.
(pdftex.def)             Requested size: 401.49901pt x 401.49901pt.
 <./animations/p1e8k8iuatgaavho11pe1btie394-20.png> <a0,fr20>
<animations/p1e8k8iuatgaavho11pe1btie394-21.png, id=753, 401.5pt x 401.5pt>
File: animations/p1e8k8iuatgaavho11pe1btie394-21.png Graphic file (type png)
<use animations/p1e8k8iuatgaavho11pe1btie394-21.png>
Package pdftex.def Info: animations/p1e8k8iuatgaavho11pe1btie394-21.png  used o
n input line 490.
(pdftex.def)             Requested size: 401.49901pt x 401.49901pt.
 <./animations/p1e8k8iuatgaavho11pe1btie394-21.png> <a0,fr21>
<animations/p1e8k8iuatgaavho11pe1btie394-22.png, id=762, 401.5pt x 401.5pt>
File: animations/p1e8k8iuatgaavho11pe1btie394-22.png Graphic file (type png)
<use animations/p1e8k8iuatgaavho11pe1btie394-22.png>
Package pdftex.def Info: animations/p1e8k8iuatgaavho11pe1btie394-22.png  used o
n input line 490.
(pdftex.def)             Requested size: 401.49901pt x 401.49901pt.
 <./animations/p1e8k8iuatgaavho11pe1btie394-22.png> <a0,fr22>
<animations/p1e8k8iuatgaavho11pe1btie394-23.png, id=771, 401.5pt x 401.5pt>
File: animations/p1e8k8iuatgaavho11pe1btie394-23.png Graphic file (type png)
<use animations/p1e8k8iuatgaavho11pe1btie394-23.png>
Package pdftex.def Info: animations/p1e8k8iuatgaavho11pe1btie394-23.png  used o
n input line 490.
(pdftex.def)             Requested size: 401.49901pt x 401.49901pt.
 <./animations/p1e8k8iuatgaavho11pe1btie394-23.png> <a0,fr23>
<animations/p1e8k8iuatgaavho11pe1btie394-24.png, id=780, 401.5pt x 401.5pt>
File: animations/p1e8k8iuatgaavho11pe1btie394-24.png Graphic file (type png)
<use animations/p1e8k8iuatgaavho11pe1btie394-24.png>
Package pdftex.def Info: animations/p1e8k8iuatgaavho11pe1btie394-24.png  used o
n input line 490.
(pdftex.def)             Requested size: 401.49901pt x 401.49901pt.
 <./animations/p1e8k8iuatgaavho11pe1btie394-24.png>
<a0,fr24>
<animations/p1e8k8iuatgaavho11pe1btie394-25.png, id=789, 401.5pt x 401.5pt>
File: animations/p1e8k8iuatgaavho11pe1btie394-25.png Graphic file (type png)
<use animations/p1e8k8iuatgaavho11pe1btie394-25.png>
Package pdftex.def Info: animations/p1e8k8iuatgaavho11pe1btie394-25.png  used o
n input line 490.
(pdftex.def)             Requested size: 401.49901pt x 401.49901pt.
 <./animations/p1e8k8iuatgaavho11pe1btie394-25.png> <a0,fr25>
<animations/p1e8k8iuatgaavho11pe1btie394-26.png, id=798, 401.5pt x 401.5pt>
File: animations/p1e8k8iuatgaavho11pe1btie394-26.png Graphic file (type png)
<use animations/p1e8k8iuatgaavho11pe1btie394-26.png>
Package pdftex.def Info: animations/p1e8k8iuatgaavho11pe1btie394-26.png  used o
n input line 490.
(pdftex.def)             Requested size: 401.49901pt x 401.49901pt.
 <./animations/p1e8k8iuatgaavho11pe1btie394-26.png> <a0,fr26>
<animations/p1e8k8iuatgaavho11pe1btie394-27.png, id=807, 401.5pt x 401.5pt>
File: animations/p1e8k8iuatgaavho11pe1btie394-27.png Graphic file (type png)
<use animations/p1e8k8iuatgaavho11pe1btie394-27.png>
Package pdftex.def Info: animations/p1e8k8iuatgaavho11pe1btie394-27.png  used o
n input line 490.
(pdftex.def)             Requested size: 401.49901pt x 401.49901pt.
 <./animations/p1e8k8iuatgaavho11pe1btie394-27.png> <a0,fr27>
<animations/p1e8k8iuatgaavho11pe1btie394-28.png, id=816, 401.5pt x 401.5pt>
File: animations/p1e8k8iuatgaavho11pe1btie394-28.png Graphic file (type png)
<use animations/p1e8k8iuatgaavho11pe1btie394-28.png>
Package pdftex.def Info: animations/p1e8k8iuatgaavho11pe1btie394-28.png  used o
n input line 490.
(pdftex.def)             Requested size: 401.49901pt x 401.49901pt.
 <./animations/p1e8k8iuatgaavho11pe1btie394-28.png> <a0,fr28>
<animations/p1e8k8iuatgaavho11pe1btie394-29.png, id=825, 401.5pt x 401.5pt>
File: animations/p1e8k8iuatgaavho11pe1btie394-29.png Graphic file (type png)
<use animations/p1e8k8iuatgaavho11pe1btie394-29.png>
Package pdftex.def Info: animations/p1e8k8iuatgaavho11pe1btie394-29.png  used o
n input line 490.
(pdftex.def)             Requested size: 401.49901pt x 401.49901pt.
 <./animations/p1e8k8iuatgaavho11pe1btie394-29.png> <a0,fr29>
[18

]
<immagini/position_recursive.png, id=889, 401.5pt x 401.5pt>
File: immagini/position_recursive.png Graphic file (type png)
<use immagini/position_recursive.png>
Package pdftex.def Info: immagini/position_recursive.png  used on input line 51
5.
(pdftex.def)             Requested size: 100.0pt x 100.00104pt.
<grafici/pos_pass_r.png, id=890, 803.0pt x 301.125pt>
File: grafici/pos_pass_r.png Graphic file (type png)
<use grafici/pos_pass_r.png>
Package pdftex.def Info: grafici/pos_pass_r.png  used on input line 515.
(pdftex.def)             Requested size: 150.0pt x 56.24944pt.
<immagini/position_global.png, id=891, 401.5pt x 401.5pt>
File: immagini/position_global.png Graphic file (type png)
<use immagini/position_global.png>
Package pdftex.def Info: immagini/position_global.png  used on input line 515.
(pdftex.def)             Requested size: 100.0pt x 100.00104pt.
<grafici/pos_pass_g.png, id=892, 803.0pt x 301.125pt>
File: grafici/pos_pass_g.png Graphic file (type png)
<use grafici/pos_pass_g.png>
Package pdftex.def Info: grafici/pos_pass_g.png  used on input line 515.
(pdftex.def)             Requested size: 150.0pt x 56.24944pt.
 [19

 <./immagini/position_recursive.png (PNG copy)> <./grafici/pos_pass_r.png (PNG 
copy)> <./immagini/position_global.png (PNG copy)> <./grafici/pos_pass_g.png (P
NG copy)>]
<grafici/vel_pass_r.png, id=920, 803.0pt x 301.125pt>
File: grafici/vel_pass_r.png Graphic file (type png)
<use grafici/vel_pass_r.png>
Package pdftex.def Info: grafici/vel_pass_r.png  used on input line 555.
(pdftex.def)             Requested size: 150.0pt x 56.24944pt.
<grafici/vel_pass_g.png, id=921, 803.0pt x 301.125pt>
File: grafici/vel_pass_g.png Graphic file (type png)
<use grafici/vel_pass_g.png>
Package pdftex.def Info: grafici/vel_pass_g.png  used on input line 555.
(pdftex.def)             Requested size: 150.0pt x 56.24944pt.
<grafici/acc_pass_r.png, id=922, 803.0pt x 301.125pt>
File: grafici/acc_pass_r.png Graphic file (type png)
<use grafici/acc_pass_r.png>
Package pdftex.def Info: grafici/acc_pass_r.png  used on input line 555.
(pdftex.def)             Requested size: 150.0pt x 56.24944pt.
<grafici/acc_pass_g.png, id=923, 803.0pt x 301.125pt>
File: grafici/acc_pass_g.png Graphic file (type png)
<use grafici/acc_pass_g.png>
Package pdftex.def Info: grafici/acc_pass_g.png  used on input line 555.
(pdftex.def)             Requested size: 150.0pt x 56.24944pt.
 [20

 <./grafici/vel_pass_r.png (PNG copy)> <./grafici/vel_pass_g.png (PNG copy)> <.
/grafici/acc_pass_r.png (PNG copy)> <./grafici/acc_pass_g.png (PNG copy)>]
Overfull \hbox (2.16536pt too wide) in paragraph at lines 588--588
[]|\T1/cmss/bx/n/8 Unit| 
 []

[21

]
<grafici/acc_profile.png, id=979, 803.0pt x 301.125pt>
File: grafici/acc_profile.png Graphic file (type png)
<use grafici/acc_profile.png>
Package pdftex.def Info: grafici/acc_profile.png  used on input line 619.
(pdftex.def)             Requested size: 175.0pt x 65.6228pt.
<grafici/acc_distance.png, id=980, 803.0pt x 301.125pt>
File: grafici/acc_distance.png Graphic file (type png)
<use grafici/acc_distance.png>
Package pdftex.def Info: grafici/acc_distance.png  used on input line 619.
(pdftex.def)             Requested size: 175.0pt x 65.6228pt.
 [22

 <./grafici/acc_profile.png (PNG copy)> <./grafici/acc_distance.png (PNG copy)>
]
Overfull \hbox (2.47923pt too wide) in paragraph at lines 644--644
[]|$\OT1/mathkerncmss/m/sl/10 rpm$| 
 []


Overfull \hbox (2.47923pt too wide) in paragraph at lines 644--644
[]|$\OT1/mathkerncmss/m/sl/10 rpm$| 
 []


Overfull \hbox (1.45143pt too wide) in paragraph at lines 644--644
[]|$\OT1/mathkerncmss/m/sl/10 pph$| 
 []


Overfull \hbox (1.45143pt too wide) in paragraph at lines 644--644
[]|$\OT1/mathkerncmss/m/sl/10 min$| 
 []

[23

]
File: grafici/acc_pass_r.png Graphic file (type png)
<use grafici/acc_pass_r.png>
Package pdftex.def Info: grafici/acc_pass_r.png  used on input line 676.
(pdftex.def)             Requested size: 200.0pt x 75.00078pt.
 [24

] [25

] [26

]
<grafici/theta1_pos_vel.png, id=1115, 803.0pt x 301.125pt>
File: grafici/theta1_pos_vel.png Graphic file (type png)
<use grafici/theta1_pos_vel.png>
Package pdftex.def Info: grafici/theta1_pos_vel.png  used on input line 768.
(pdftex.def)             Requested size: 150.0pt x 56.24944pt.
<grafici/theta3_pos_vel.png, id=1116, 803.0pt x 301.125pt>
File: grafici/theta3_pos_vel.png Graphic file (type png)
<use grafici/theta3_pos_vel.png>
Package pdftex.def Info: grafici/theta3_pos_vel.png  used on input line 768.
(pdftex.def)             Requested size: 150.0pt x 56.24944pt.
<grafici/theta2_pos_vel.png, id=1117, 803.0pt x 301.125pt>
File: grafici/theta2_pos_vel.png Graphic file (type png)
<use grafici/theta2_pos_vel.png>
Package pdftex.def Info: grafici/theta2_pos_vel.png  used on input line 768.
(pdftex.def)             Requested size: 150.0pt x 56.24944pt.
<grafici/lambda1and2.png, id=1118, 803.0pt x 301.125pt>
File: grafici/lambda1and2.png Graphic file (type png)
<use grafici/lambda1and2.png>
Package pdftex.def Info: grafici/lambda1and2.png  used on input line 768.
(pdftex.def)             Requested size: 150.0pt x 56.24944pt.
 [27

 <./grafici/theta1_pos_vel.png (PNG copy)> <./grafici/theta3_pos_vel.png (PNG c
opy)> <./grafici/theta2_pos_vel.png (PNG copy)> <./grafici/lambda1and2.png (PNG
 copy)>]
<grafici/inverseDynamicsTheta.png, id=1145, 803.0pt x 301.125pt>
File: grafici/inverseDynamicsTheta.png Graphic file (type png)
<use grafici/inverseDynamicsTheta.png>
Package pdftex.def Info: grafici/inverseDynamicsTheta.png  used on input line 7
90.
(pdftex.def)             Requested size: 150.0pt x 56.24944pt.
<grafici/inverseDynamicsC.png, id=1146, 803.0pt x 301.125pt>
File: grafici/inverseDynamicsC.png Graphic file (type png)
<use grafici/inverseDynamicsC.png>
Package pdftex.def Info: grafici/inverseDynamicsC.png  used on input line 790.
(pdftex.def)             Requested size: 150.0pt x 56.24944pt.
 [28

 <./grafici/inverseDynamicsTheta.png (PNG copy)> <./grafici/inverseDynamicsC.pn
g (PNG copy)>] [29

]
<grafici/matlabNorm1.png, id=1199, 214.401pt x 280.4076pt>
File: grafici/matlabNorm1.png Graphic file (type png)
<use grafici/matlabNorm1.png>
Package pdftex.def Info: grafici/matlabNorm1.png  used on input line 826.
(pdftex.def)             Requested size: 100.0pt x 130.78609pt.
<grafici/matlabNorm2.png, id=1200, 208.6194pt x 279.444pt>
File: grafici/matlabNorm2.png Graphic file (type png)
<use grafici/matlabNorm2.png>
Package pdftex.def Info: grafici/matlabNorm2.png  used on input line 826.
(pdftex.def)             Requested size: 100.0pt x 133.94824pt.
<grafici/matlabNorm3.png, id=1201, 212.9556pt x 279.9258pt>
File: grafici/matlabNorm3.png Graphic file (type png)
<use grafici/matlabNorm3.png>
Package pdftex.def Info: grafici/matlabNorm3.png  used on input line 826.
(pdftex.def)             Requested size: 100.0pt x 131.44554pt.
 [30

 <./grafici/matlabNorm1.png (PNG copy)> <./grafici/matlabNorm2.png (PNG copy)> 
<./grafici/matlabNorm3.png (PNG copy)>]
<grafici/matlabProj1.png, id=1228, 214.401pt x 280.4076pt>
File: grafici/matlabProj1.png Graphic file (type png)
<use grafici/matlabProj1.png>
Package pdftex.def Info: grafici/matlabProj1.png  used on input line 840.
(pdftex.def)             Requested size: 100.0pt x 130.78609pt.
<grafici/matlabProj2.png, id=1229, 209.583pt x 280.4076pt>
File: grafici/matlabProj2.png Graphic file (type png)
<use grafici/matlabProj2.png>
Package pdftex.def Info: grafici/matlabProj2.png  used on input line 840.
(pdftex.def)             Requested size: 100.0pt x 133.79399pt.
<grafici/matlabProj3.png, id=1230, 212.9556pt x 279.9258pt>
File: grafici/matlabProj3.png Graphic file (type png)
<use grafici/matlabProj3.png>
Package pdftex.def Info: grafici/matlabProj3.png  used on input line 840.
(pdftex.def)             Requested size: 100.0pt x 131.44554pt.
 [31

 <./grafici/matlabProj1.png (PNG copy)> <./grafici/matlabProj2.png (PNG copy)> 
<./grafici/matlabProj3.png (PNG copy)>]
<grafici/matlabBaung1.png, id=1258, 214.401pt x 280.4076pt>
File: grafici/matlabBaung1.png Graphic file (type png)
<use grafici/matlabBaung1.png>
Package pdftex.def Info: grafici/matlabBaung1.png  used on input line 854.
(pdftex.def)             Requested size: 100.0pt x 130.78609pt.
<grafici/matlabBaung2.png, id=1259, 209.583pt x 280.4076pt>
File: grafici/matlabBaung2.png Graphic file (type png)
<use grafici/matlabBaung2.png>
Package pdftex.def Info: grafici/matlabBaung2.png  used on input line 854.
(pdftex.def)             Requested size: 100.0pt x 133.79399pt.
<grafici/matlabBaung3.png, id=1260, 212.9556pt x 279.9258pt>
File: grafici/matlabBaung3.png Graphic file (type png)
<use grafici/matlabBaung3.png>
Package pdftex.def Info: grafici/matlabBaung3.png  used on input line 854.
(pdftex.def)             Requested size: 100.0pt x 131.44554pt.
 [32

 <./grafici/matlabBaung1.png (PNG copy)> <./grafici/matlabBaung2.png (PNG copy)
> <./grafici/matlabBaung3.png (PNG copy)>]
<grafici/alpha1.png, id=1287, 803.0pt x 301.125pt>
File: grafici/alpha1.png Graphic file (type png)
<use grafici/alpha1.png>
Package pdftex.def Info: grafici/alpha1.png  used on input line 881.
(pdftex.def)             Requested size: 150.0pt x 56.24944pt.
<grafici/alpha2.png, id=1288, 803.0pt x 301.125pt>
File: grafici/alpha2.png Graphic file (type png)
<use grafici/alpha2.png>
Package pdftex.def Info: grafici/alpha2.png  used on input line 881.
(pdftex.def)             Requested size: 150.0pt x 56.24944pt.
<grafici/alpha3.png, id=1289, 803.0pt x 301.125pt>
File: grafici/alpha3.png Graphic file (type png)
<use grafici/alpha3.png>
Package pdftex.def Info: grafici/alpha3.png  used on input line 881.
(pdftex.def)             Requested size: 150.0pt x 56.24944pt.
<grafici/s.png, id=1290, 803.0pt x 301.125pt>
File: grafici/s.png Graphic file (type png)
<use grafici/s.png>
Package pdftex.def Info: grafici/s.png  used on input line 881.
(pdftex.def)             Requested size: 150.0pt x 56.24944pt.
 [33

 <./grafici/alpha1.png (PNG copy)> <./grafici/alpha2.png (PNG copy)> <./grafici
/alpha3.png (PNG copy)> <./grafici/s.png (PNG copy)>]
<grafici/power.png, id=1317, 803.0pt x 301.125pt>
File: grafici/power.png Graphic file (type png)
<use grafici/power.png>
Package pdftex.def Info: grafici/power.png  used on input line 927.
(pdftex.def)             Requested size: 150.0pt x 56.24944pt.

Overfull \hbox (2.89444pt too wide) in paragraph at lines 927--927
[]|\T1/cmss/bx/n/9 Unit| 
 []


Overfull \hbox (0.50131pt too wide) in paragraph at lines 927--927
[]|$\OT1/mathkerncmss/m/sl/9 kW$| 
 []

[34

 <./grafici/power.png (PNG copy)>] [35

]
\tf@nav=\write6
\openout6 = `Pegasus_project_Checola_Zamboni.nav'.

\tf@toc=\write7
\openout7 = `Pegasus_project_Checola_Zamboni.toc'.

\tf@snm=\write8
\openout8 = `Pegasus_project_Checola_Zamboni.snm'.

Package atveryend Info: Empty hook `BeforeClearDocument' on input line 934.
Package atveryend Info: Empty hook `AfterLastShipout' on input line 934.
 (Pegasus_project_Checola_Zamboni.aux)
Package atveryend Info: Executing hook `AtVeryEndDocument' on input line 934.
Package atveryend Info: Executing hook `AtEndAfterFileList' on input line 934.
Package rerunfilecheck Info: File `Pegasus_project_Checola_Zamboni.out' has not
 changed.
(rerunfilecheck)             Checksum: D41D8CD98F00B204E9800998ECF8427E;0.


LaTeX Font Warning: Some font shapes were not available, defaults substituted.

 ) 
Here is how much of TeX's memory you used:
 26742 strings out of 480930
 512345 string characters out of 2909547
 984274 words of memory out of 3000000
 41732 multiletter control sequences out of 15000+200000
 570384 words of font info for 139 fonts, out of 3000000 for 9000
 1141 hyphenation exceptions out of 8191
 58i,15n,106p,868b,1059s stack positions out of 5000i,500n,10000p,200000b,50000s
{C:/Program Files/MiKTeX 2.9/fonts/enc/dvips/cm-super/cm-super-t1.enc}{C:/Pro
gram Files/MiKTeX 2.9/fonts/enc/dvips/cm-super/cm-super-ts1.enc}<C:/Program Fil
es/MiKTeX 2.9/fonts/type1/public/amsfonts/cm/cmmi10.pfb><C:/Program Files/MiKTe
X 2.9/fonts/type1/public/amsfonts/cm/cmmi6.pfb><C:/Program Files/MiKTeX 2.9/fon
ts/type1/public/amsfonts/cm/cmmi8.pfb><C:/Program Files/MiKTeX 2.9/fonts/type1/
public/amsfonts/cm/cmmi9.pfb><C:/Program Files/MiKTeX 2.9/fonts/type1/public/am
sfonts/cm/cmss10.pfb><C:/Program Files/MiKTeX 2.9/fonts/type1/public/amsfonts/c
m/cmss8.pfb><C:/Program Files/MiKTeX 2.9/fonts/type1/public/amsfonts/cm/cmss9.p
fb><C:/Program Files/MiKTeX 2.9/fonts/type1/public/amsfonts/cm/cmssi10.pfb><C:/
Program Files/MiKTeX 2.9/fonts/type1/public/amsfonts/cm/cmssi8.pfb><C:/Program 
Files/MiKTeX 2.9/fonts/type1/public/amsfonts/cm/cmssi9.pfb><C:/Program Files/Mi
KTeX 2.9/fonts/type1/public/amsfonts/cm/cmsy10.pfb><C:/Program Files/MiKTeX 2.9
/fonts/type1/public/amsfonts/cm/cmsy6.pfb><C:/Program Files/MiKTeX 2.9/fonts/ty
pe1/public/amsfonts/cm/cmsy8.pfb><C:/Program Files/MiKTeX 2.9/fonts/type1/publi
c/amsfonts/cm/cmsy9.pfb><C:/Program Files/MiKTeX 2.9/fonts/type1/public/amsfont
s/symbols/msam10.pfb><C:/Program Files/MiKTeX 2.9/fonts/type1/public/cm-super/s
fcc0800.pfb><C:/Program Files/MiKTeX 2.9/fonts/type1/public/cm-super/sfcc0900.p
fb><C:/Program Files/MiKTeX 2.9/fonts/type1/public/cm-super/sfcc1000.pfb><C:/Pr
ogram Files/MiKTeX 2.9/fonts/type1/public/cm-super/sfcc1095.pfb><C:/Program Fil
es/MiKTeX 2.9/fonts/type1/public/cm-super/sfcc1200.pfb><C:/Program Files/MiKTeX
 2.9/fonts/type1/public/cm-super/sfcc1440.pfb><C:/Program Files/MiKTeX 2.9/font
s/type1/public/cm-super/sfsi1095.pfb><C:/Program Files/MiKTeX 2.9/fonts/type1/p
ublic/cm-super/sfss0500.pfb><C:/Program Files/MiKTeX 2.9/fonts/type1/public/cm-
super/sfss0600.pfb><C:/Program Files/MiKTeX 2.9/fonts/type1/public/cm-super/sfs
s0700.pfb><C:/Program Files/MiKTeX 2.9/fonts/type1/public/cm-super/sfss0800.pfb
><C:/Program Files/MiKTeX 2.9/fonts/type1/public/cm-super/sfss0900.pfb><C:/Prog
ram Files/MiKTeX 2.9/fonts/type1/public/cm-super/sfss1000.pfb><C:/Program Files
/MiKTeX 2.9/fonts/type1/public/cm-super/sfss1095.pfb><C:/Program Files/MiKTeX 2
.9/fonts/type1/public/cm-super/sfss1200.pfb><C:/Program Files/MiKTeX 2.9/fonts/
type1/public/cm-super/sfss2488.pfb><C:/Program Files/MiKTeX 2.9/fonts/type1/pub
lic/cm-super/sfsx0600.pfb><C:/Program Files/MiKTeX 2.9/fonts/type1/public/cm-su
per/sfsx0800.pfb><C:/Program Files/MiKTeX 2.9/fonts/type1/public/cm-super/sfsx0
900.pfb><C:/Program Files/MiKTeX 2.9/fonts/type1/public/cm-super/sfsx1000.pfb><
C:/Program Files/MiKTeX 2.9/fonts/type1/public/cm-super/sfsx1095.pfb><C:/Progra
m Files/MiKTeX 2.9/fonts/type1/public/cm-super/sftt0800.pfb>
Output written on Pegasus_project_Checola_Zamboni.pdf (35 pages, 6793364 bytes)
.
PDF statistics:
 1507 PDF objects out of 1728 (max. 8388607)
 83 named destinations out of 1000 (max. 500000)
 49683 words of extra memory for PDF output out of 51595 (max. 10000000)

